{"/home/mar.badia/Escritorio/Master/wallapop/backend/src/app.js": {"path":"/home/mar.badia/Escritorio/Master/wallapop/backend/src/app.js","statementMap":{"0":{"start":{"line":1,"column":15},"end":{"line":1,"column":32}},"1":{"start":{"line":2,"column":0},"end":{"line":2,"column":16}},"2":{"start":{"line":3,"column":16},"end":{"line":3,"column":34}},"3":{"start":{"line":4,"column":13},"end":{"line":4,"column":28}},"4":{"start":{"line":5,"column":22},"end":{"line":5,"column":62}},"5":{"start":{"line":6,"column":19},"end":{"line":6,"column":56}},"6":{"start":{"line":7,"column":23},"end":{"line":7,"column":64}},"7":{"start":{"line":8,"column":23},"end":{"line":8,"column":64}},"8":{"start":{"line":9,"column":22},"end":{"line":9,"column":51}},"9":{"start":{"line":10,"column":22},"end":{"line":10,"column":62}},"10":{"start":{"line":11,"column":26},"end":{"line":11,"column":61}},"11":{"start":{"line":12,"column":23},"end":{"line":12,"column":64}},"12":{"start":{"line":13,"column":26},"end":{"line":13,"column":70}},"13":{"start":{"line":15,"column":12},"end":{"line":15,"column":21}},"14":{"start":{"line":16,"column":0},"end":{"line":16,"column":16}},"15":{"start":{"line":17,"column":0},"end":{"line":17,"column":24}},"16":{"start":{"line":18,"column":0},"end":{"line":18,"column":29}},"17":{"start":{"line":19,"column":0},"end":{"line":19,"column":36}},"18":{"start":{"line":20,"column":0},"end":{"line":20,"column":37}},"19":{"start":{"line":21,"column":0},"end":{"line":21,"column":38}},"20":{"start":{"line":22,"column":0},"end":{"line":22,"column":50}},"21":{"start":{"line":23,"column":0},"end":{"line":23,"column":53}},"22":{"start":{"line":24,"column":0},"end":{"line":24,"column":44}},"23":{"start":{"line":26,"column":0},"end":{"line":28,"column":1}},"24":{"start":{"line":27,"column":2},"end":{"line":27,"column":64}},"25":{"start":{"line":27,"column":25},"end":{"line":27,"column":62}},"26":{"start":{"line":30,"column":0},"end":{"line":30,"column":23}}},"fnMap":{"0":{"name":"(anonymous_0)","decl":{"start":{"line":27,"column":19},"end":{"line":27,"column":20}},"loc":{"start":{"line":27,"column":25},"end":{"line":27,"column":62}},"line":27}},"branchMap":{"0":{"loc":{"start":{"line":26,"column":0},"end":{"line":28,"column":1}},"type":"if","locations":[{"start":{"line":26,"column":0},"end":{"line":28,"column":1}},{"start":{},"end":{}}],"line":26}},"s":{"0":21,"1":21,"2":21,"3":21,"4":21,"5":21,"6":21,"7":21,"8":21,"9":21,"10":21,"11":21,"12":21,"13":21,"14":21,"15":21,"16":21,"17":21,"18":21,"19":21,"20":21,"21":21,"22":21,"23":21,"24":0,"25":0,"26":21},"f":{"0":0},"b":{"0":[0,21]},"_coverageSchema":"1a1c01bbd47fc00a2c39e90264f33305004495a9","hash":"4f5c3468838ae2ae0258315a274581aaa13d30cf"}
,"/home/mar.badia/Escritorio/Master/wallapop/backend/src/mongo/connection/index.js": {"path":"/home/mar.badia/Escritorio/Master/wallapop/backend/src/mongo/connection/index.js","statementMap":{"0":{"start":{"line":1,"column":17},"end":{"line":1,"column":36}},"1":{"start":{"line":2,"column":30},"end":{"line":2,"column":62}},"2":{"start":{"line":4,"column":12},"end":{"line":4,"column":33}},"3":{"start":{"line":7,"column":0},"end":{"line":17,"column":2}},"4":{"start":{"line":8,"column":2},"end":{"line":8,"column":37}},"5":{"start":{"line":9,"column":2},"end":{"line":16,"column":3}},"6":{"start":{"line":10,"column":4},"end":{"line":10,"column":34}},"7":{"start":{"line":11,"column":18},"end":{"line":11,"column":37}},"8":{"start":{"line":12,"column":4},"end":{"line":12,"column":49}},"9":{"start":{"line":13,"column":4},"end":{"line":13,"column":55}},"10":{"start":{"line":13,"column":33},"end":{"line":13,"column":53}},"11":{"start":{"line":15,"column":4},"end":{"line":15,"column":19}},"12":{"start":{"line":19,"column":0},"end":{"line":28,"column":2}},"13":{"start":{"line":20,"column":2},"end":{"line":27,"column":3}},"14":{"start":{"line":21,"column":4},"end":{"line":21,"column":38}},"15":{"start":{"line":22,"column":4},"end":{"line":24,"column":5}},"16":{"start":{"line":23,"column":6},"end":{"line":23,"column":27}},"17":{"start":{"line":26,"column":4},"end":{"line":26,"column":21}}},"fnMap":{"0":{"name":"(anonymous_0)","decl":{"start":{"line":7,"column":20},"end":{"line":7,"column":21}},"loc":{"start":{"line":7,"column":32},"end":{"line":17,"column":1}},"line":7},"1":{"name":"(anonymous_1)","decl":{"start":{"line":13,"column":22},"end":{"line":13,"column":23}},"loc":{"start":{"line":13,"column":33},"end":{"line":13,"column":53}},"line":13},"2":{"name":"(anonymous_2)","decl":{"start":{"line":19,"column":23},"end":{"line":19,"column":24}},"loc":{"start":{"line":19,"column":35},"end":{"line":28,"column":1}},"line":19}},"branchMap":{"0":{"loc":{"start":{"line":22,"column":4},"end":{"line":24,"column":5}},"type":"if","locations":[{"start":{"line":22,"column":4},"end":{"line":24,"column":5}},{"start":{},"end":{}}],"line":22}},"s":{"0":21,"1":21,"2":21,"3":21,"4":0,"5":0,"6":0,"7":0,"8":0,"9":0,"10":0,"11":0,"12":21,"13":0,"14":0,"15":0,"16":0,"17":0},"f":{"0":0,"1":0,"2":0},"b":{"0":[0,0]},"_coverageSchema":"1a1c01bbd47fc00a2c39e90264f33305004495a9","hash":"4d5d95c2c65320f25326436f57126fa53a6138d8"}
,"/home/mar.badia/Escritorio/Master/wallapop/backend/src/mongo/controllers/categoryController.js": {"path":"/home/mar.badia/Escritorio/Master/wallapop/backend/src/mongo/controllers/categoryController.js","statementMap":{"0":{"start":{"line":1,"column":16},"end":{"line":1,"column":34}},"1":{"start":{"line":2,"column":22},"end":{"line":2,"column":56}},"2":{"start":{"line":7,"column":25},"end":{"line":14,"column":1}},"3":{"start":{"line":8,"column":2},"end":{"line":13,"column":3}},"4":{"start":{"line":9,"column":26},"end":{"line":9,"column":52}},"5":{"start":{"line":10,"column":4},"end":{"line":10,"column":40}},"6":{"start":{"line":12,"column":4},"end":{"line":12,"column":63}},"7":{"start":{"line":17,"column":21},"end":{"line":36,"column":1}},"8":{"start":{"line":18,"column":26},"end":{"line":18,"column":34}},"9":{"start":{"line":19,"column":2},"end":{"line":21,"column":3}},"10":{"start":{"line":20,"column":4},"end":{"line":20,"column":77}},"11":{"start":{"line":22,"column":2},"end":{"line":35,"column":3}},"12":{"start":{"line":23,"column":21},"end":{"line":23,"column":56}},"13":{"start":{"line":25,"column":4},"end":{"line":32,"column":5}},"14":{"start":{"line":26,"column":6},"end":{"line":26,"column":66}},"15":{"start":{"line":29,"column":18},"end":{"line":29,"column":52}},"16":{"start":{"line":30,"column":21},"end":{"line":30,"column":37}},"17":{"start":{"line":31,"column":6},"end":{"line":31,"column":35}},"18":{"start":{"line":34,"column":4},"end":{"line":34,"column":68}},"19":{"start":{"line":38,"column":0},"end":{"line":41,"column":2}}},"fnMap":{"0":{"name":"(anonymous_0)","decl":{"start":{"line":7,"column":25},"end":{"line":7,"column":26}},"loc":{"start":{"line":7,"column":45},"end":{"line":14,"column":1}},"line":7},"1":{"name":"(anonymous_1)","decl":{"start":{"line":17,"column":21},"end":{"line":17,"column":22}},"loc":{"start":{"line":17,"column":41},"end":{"line":36,"column":1}},"line":17}},"branchMap":{"0":{"loc":{"start":{"line":19,"column":2},"end":{"line":21,"column":3}},"type":"if","locations":[{"start":{"line":19,"column":2},"end":{"line":21,"column":3}},{"start":{},"end":{}}],"line":19},"1":{"loc":{"start":{"line":19,"column":6},"end":{"line":19,"column":21}},"type":"binary-expr","locations":[{"start":{"line":19,"column":6},"end":{"line":19,"column":12}},{"start":{"line":19,"column":16},"end":{"line":19,"column":21}}],"line":19},"2":{"loc":{"start":{"line":25,"column":4},"end":{"line":32,"column":5}},"type":"if","locations":[{"start":{"line":25,"column":4},"end":{"line":32,"column":5}},{"start":{"line":27,"column":11},"end":{"line":32,"column":5}}],"line":25}},"s":{"0":21,"1":21,"2":21,"3":1,"4":1,"5":1,"6":0,"7":21,"8":2,"9":2,"10":1,"11":1,"12":1,"13":1,"14":0,"15":1,"16":1,"17":1,"18":0,"19":21},"f":{"0":1,"1":2},"b":{"0":[1,1],"1":[2,2],"2":[0,1]},"_coverageSchema":"1a1c01bbd47fc00a2c39e90264f33305004495a9","hash":"2396b04c10a7041397ff7ca84f08bcc9aba66e03"}
,"/home/mar.badia/Escritorio/Master/wallapop/backend/src/mongo/controllers/chatroomController.js": {"path":"/home/mar.badia/Escritorio/Master/wallapop/backend/src/mongo/controllers/chatroomController.js","statementMap":{"0":{"start":{"line":1,"column":22},"end":{"line":1,"column":56}},"1":{"start":{"line":3,"column":24},"end":{"line":11,"column":1}},"2":{"start":{"line":4,"column":17},"end":{"line":4,"column":27}},"3":{"start":{"line":5,"column":2},"end":{"line":10,"column":3}},"4":{"start":{"line":6,"column":25},"end":{"line":6,"column":64}},"5":{"start":{"line":7,"column":4},"end":{"line":7,"column":39}},"6":{"start":{"line":9,"column":4},"end":{"line":9,"column":72}},"7":{"start":{"line":13,"column":29},"end":{"line":27,"column":1}},"8":{"start":{"line":14,"column":23},"end":{"line":14,"column":33}},"9":{"start":{"line":15,"column":2},"end":{"line":26,"column":3}},"10":{"start":{"line":16,"column":17},"end":{"line":21,"column":13}},"11":{"start":{"line":23,"column":4},"end":{"line":23,"column":31}},"12":{"start":{"line":25,"column":4},"end":{"line":25,"column":30}},"13":{"start":{"line":29,"column":20},"end":{"line":51,"column":1}},"14":{"start":{"line":30,"column":17},"end":{"line":30,"column":34}},"15":{"start":{"line":31,"column":2},"end":{"line":50,"column":3}},"16":{"start":{"line":32,"column":22},"end":{"line":46,"column":13}},"17":{"start":{"line":47,"column":4},"end":{"line":47,"column":36}},"18":{"start":{"line":49,"column":4},"end":{"line":49,"column":72}},"19":{"start":{"line":54,"column":21},"end":{"line":77,"column":1}},"20":{"start":{"line":55,"column":31},"end":{"line":55,"column":34}},"21":{"start":{"line":57,"column":2},"end":{"line":76,"column":3}},"22":{"start":{"line":58,"column":25},"end":{"line":61,"column":6}},"23":{"start":{"line":62,"column":4},"end":{"line":64,"column":5}},"24":{"start":{"line":63,"column":6},"end":{"line":63,"column":48}},"25":{"start":{"line":64,"column":6},"end":{"line":73,"column":5}},"26":{"start":{"line":65,"column":6},"end":{"line":65,"column":83}},"27":{"start":{"line":67,"column":26},"end":{"line":70,"column":8}},"28":{"start":{"line":71,"column":6},"end":{"line":71,"column":31}},"29":{"start":{"line":72,"column":6},"end":{"line":72,"column":40}},"30":{"start":{"line":75,"column":4},"end":{"line":75,"column":41}},"31":{"start":{"line":79,"column":27},"end":{"line":97,"column":1}},"32":{"start":{"line":80,"column":17},"end":{"line":80,"column":27}},"33":{"start":{"line":81,"column":2},"end":{"line":96,"column":3}},"34":{"start":{"line":82,"column":24},"end":{"line":82,"column":72}},"35":{"start":{"line":83,"column":4},"end":{"line":87,"column":5}},"36":{"start":{"line":84,"column":6},"end":{"line":86,"column":61}},"37":{"start":{"line":88,"column":4},"end":{"line":91,"column":7}},"38":{"start":{"line":93,"column":4},"end":{"line":95,"column":73}},"39":{"start":{"line":99,"column":0},"end":{"line":105,"column":2}}},"fnMap":{"0":{"name":"(anonymous_0)","decl":{"start":{"line":3,"column":24},"end":{"line":3,"column":25}},"loc":{"start":{"line":3,"column":44},"end":{"line":11,"column":1}},"line":3},"1":{"name":"(anonymous_1)","decl":{"start":{"line":13,"column":29},"end":{"line":13,"column":30}},"loc":{"start":{"line":13,"column":49},"end":{"line":27,"column":1}},"line":13},"2":{"name":"(anonymous_2)","decl":{"start":{"line":29,"column":20},"end":{"line":29,"column":21}},"loc":{"start":{"line":29,"column":40},"end":{"line":51,"column":1}},"line":29},"3":{"name":"(anonymous_3)","decl":{"start":{"line":54,"column":21},"end":{"line":54,"column":22}},"loc":{"start":{"line":54,"column":41},"end":{"line":77,"column":1}},"line":54},"4":{"name":"(anonymous_4)","decl":{"start":{"line":79,"column":27},"end":{"line":79,"column":28}},"loc":{"start":{"line":79,"column":47},"end":{"line":97,"column":1}},"line":79}},"branchMap":{"0":{"loc":{"start":{"line":62,"column":4},"end":{"line":64,"column":5}},"type":"if","locations":[{"start":{"line":62,"column":4},"end":{"line":64,"column":5}},{"start":{},"end":{}}],"line":62},"1":{"loc":{"start":{"line":64,"column":6},"end":{"line":73,"column":5}},"type":"if","locations":[{"start":{"line":64,"column":6},"end":{"line":73,"column":5}},{"start":{"line":66,"column":10},"end":{"line":73,"column":5}}],"line":64},"2":{"loc":{"start":{"line":83,"column":4},"end":{"line":87,"column":5}},"type":"if","locations":[{"start":{"line":83,"column":4},"end":{"line":87,"column":5}},{"start":{},"end":{}}],"line":83}},"s":{"0":21,"1":21,"2":1,"3":1,"4":1,"5":1,"6":0,"7":21,"8":0,"9":0,"10":0,"11":0,"12":0,"13":21,"14":1,"15":1,"16":1,"17":1,"18":0,"19":21,"20":2,"21":2,"22":2,"23":1,"24":0,"25":1,"26":0,"27":1,"28":1,"29":1,"30":1,"31":21,"32":2,"33":2,"34":2,"35":1,"36":0,"37":1,"38":1,"39":21},"f":{"0":1,"1":0,"2":1,"3":2,"4":2},"b":{"0":[0,1],"1":[0,1],"2":[0,1]},"_coverageSchema":"1a1c01bbd47fc00a2c39e90264f33305004495a9","hash":"4bed47a2130813c93571bfdd76e994e66f0a1621"}
,"/home/mar.badia/Escritorio/Master/wallapop/backend/src/mongo/controllers/favoriteController.js": {"path":"/home/mar.badia/Escritorio/Master/wallapop/backend/src/mongo/controllers/favoriteController.js","statementMap":{"0":{"start":{"line":1,"column":22},"end":{"line":1,"column":56}},"1":{"start":{"line":2,"column":22},"end":{"line":2,"column":56}},"2":{"start":{"line":3,"column":21},"end":{"line":3,"column":54}},"3":{"start":{"line":7,"column":27},"end":{"line":31,"column":1}},"4":{"start":{"line":8,"column":19},"end":{"line":8,"column":29}},"5":{"start":{"line":9,"column":2},"end":{"line":30,"column":3}},"6":{"start":{"line":10,"column":22},"end":{"line":20,"column":13}},"7":{"start":{"line":26,"column":4},"end":{"line":26,"column":43}},"8":{"start":{"line":29,"column":4},"end":{"line":29,"column":76}},"9":{"start":{"line":33,"column":18},"end":{"line":57,"column":1}},"10":{"start":{"line":34,"column":22},"end":{"line":34,"column":30}},"11":{"start":{"line":35,"column":19},"end":{"line":35,"column":29}},"12":{"start":{"line":36,"column":2},"end":{"line":38,"column":3}},"13":{"start":{"line":37,"column":4},"end":{"line":37,"column":66}},"14":{"start":{"line":39,"column":2},"end":{"line":56,"column":3}},"15":{"start":{"line":40,"column":24},"end":{"line":40,"column":67}},"16":{"start":{"line":41,"column":4},"end":{"line":52,"column":5}},"17":{"start":{"line":42,"column":6},"end":{"line":42,"column":41}},"18":{"start":{"line":43,"column":6},"end":{"line":43,"column":31}},"19":{"start":{"line":44,"column":6},"end":{"line":44,"column":40}},"20":{"start":{"line":46,"column":21},"end":{"line":49,"column":8}},"21":{"start":{"line":50,"column":6},"end":{"line":50,"column":26}},"22":{"start":{"line":51,"column":6},"end":{"line":51,"column":35}},"23":{"start":{"line":54,"column":4},"end":{"line":54,"column":23}},"24":{"start":{"line":55,"column":4},"end":{"line":55,"column":61}},"25":{"start":{"line":59,"column":18},"end":{"line":84,"column":1}},"26":{"start":{"line":60,"column":30},"end":{"line":60,"column":40}},"27":{"start":{"line":61,"column":2},"end":{"line":83,"column":3}},"28":{"start":{"line":62,"column":4},"end":{"line":64,"column":5}},"29":{"start":{"line":63,"column":6},"end":{"line":63,"column":68}},"30":{"start":{"line":65,"column":24},"end":{"line":65,"column":67}},"31":{"start":{"line":66,"column":4},"end":{"line":68,"column":5}},"32":{"start":{"line":67,"column":6},"end":{"line":67,"column":78}},"33":{"start":{"line":69,"column":18},"end":{"line":69,"column":57}},"34":{"start":{"line":70,"column":4},"end":{"line":73,"column":5}},"35":{"start":{"line":71,"column":6},"end":{"line":71,"column":44}},"36":{"start":{"line":72,"column":6},"end":{"line":72,"column":31}},"37":{"start":{"line":74,"column":28},"end":{"line":74,"column":48}},"38":{"start":{"line":76,"column":4},"end":{"line":78,"column":7}},"39":{"start":{"line":80,"column":4},"end":{"line":82,"column":66}},"40":{"start":{"line":86,"column":0},"end":{"line":90,"column":2}}},"fnMap":{"0":{"name":"(anonymous_0)","decl":{"start":{"line":7,"column":27},"end":{"line":7,"column":28}},"loc":{"start":{"line":7,"column":47},"end":{"line":31,"column":1}},"line":7},"1":{"name":"(anonymous_1)","decl":{"start":{"line":33,"column":18},"end":{"line":33,"column":19}},"loc":{"start":{"line":33,"column":38},"end":{"line":57,"column":1}},"line":33},"2":{"name":"(anonymous_2)","decl":{"start":{"line":59,"column":18},"end":{"line":59,"column":19}},"loc":{"start":{"line":59,"column":38},"end":{"line":84,"column":1}},"line":59}},"branchMap":{"0":{"loc":{"start":{"line":36,"column":2},"end":{"line":38,"column":3}},"type":"if","locations":[{"start":{"line":36,"column":2},"end":{"line":38,"column":3}},{"start":{},"end":{}}],"line":36},"1":{"loc":{"start":{"line":36,"column":6},"end":{"line":36,"column":23}},"type":"binary-expr","locations":[{"start":{"line":36,"column":6},"end":{"line":36,"column":11}},{"start":{"line":36,"column":15},"end":{"line":36,"column":23}}],"line":36},"2":{"loc":{"start":{"line":41,"column":4},"end":{"line":52,"column":5}},"type":"if","locations":[{"start":{"line":41,"column":4},"end":{"line":52,"column":5}},{"start":{"line":45,"column":11},"end":{"line":52,"column":5}}],"line":41},"3":{"loc":{"start":{"line":62,"column":4},"end":{"line":64,"column":5}},"type":"if","locations":[{"start":{"line":62,"column":4},"end":{"line":64,"column":5}},{"start":{},"end":{}}],"line":62},"4":{"loc":{"start":{"line":62,"column":8},"end":{"line":62,"column":27}},"type":"binary-expr","locations":[{"start":{"line":62,"column":8},"end":{"line":62,"column":13}},{"start":{"line":62,"column":17},"end":{"line":62,"column":27}}],"line":62},"5":{"loc":{"start":{"line":66,"column":4},"end":{"line":68,"column":5}},"type":"if","locations":[{"start":{"line":66,"column":4},"end":{"line":68,"column":5}},{"start":{},"end":{}}],"line":66},"6":{"loc":{"start":{"line":70,"column":4},"end":{"line":73,"column":5}},"type":"if","locations":[{"start":{"line":70,"column":4},"end":{"line":73,"column":5}},{"start":{},"end":{}}],"line":70}},"s":{"0":21,"1":21,"2":21,"3":21,"4":4,"5":4,"6":4,"7":2,"8":2,"9":21,"10":4,"11":4,"12":4,"13":1,"14":3,"15":3,"16":2,"17":1,"18":1,"19":1,"20":1,"21":1,"22":1,"23":1,"24":1,"25":21,"26":2,"27":2,"28":2,"29":0,"30":2,"31":1,"32":0,"33":1,"34":1,"35":1,"36":1,"37":1,"38":1,"39":1,"40":21},"f":{"0":4,"1":4,"2":2},"b":{"0":[1,3],"1":[4,4],"2":[1,1],"3":[0,2],"4":[2,2],"5":[0,1],"6":[1,0]},"_coverageSchema":"1a1c01bbd47fc00a2c39e90264f33305004495a9","hash":"44282f6148fcd46bc8141822600fe289899be351"}
,"/home/mar.badia/Escritorio/Master/wallapop/backend/src/mongo/controllers/messageController.js": {"path":"/home/mar.badia/Escritorio/Master/wallapop/backend/src/mongo/controllers/messageController.js","statementMap":{"0":{"start":{"line":1,"column":21},"end":{"line":1,"column":54}},"1":{"start":{"line":2,"column":22},"end":{"line":2,"column":56}},"2":{"start":{"line":3,"column":15},"end":{"line":3,"column":32}},"3":{"start":{"line":4,"column":0},"end":{"line":4,"column":16}},"4":{"start":{"line":6,"column":15},"end":{"line":6,"column":37}},"5":{"start":{"line":7,"column":0},"end":{"line":9,"column":1}},"6":{"start":{"line":8,"column":12},"end":{"line":8,"column":34}},"7":{"start":{"line":10,"column":29},"end":{"line":26,"column":1}},"8":{"start":{"line":11,"column":21},"end":{"line":11,"column":43}},"9":{"start":{"line":12,"column":2},"end":{"line":25,"column":3}},"10":{"start":{"line":13,"column":4},"end":{"line":22,"column":5}},"11":{"start":{"line":14,"column":6},"end":{"line":14,"column":54}},"12":{"start":{"line":16,"column":23},"end":{"line":19,"column":15}},"13":{"start":{"line":21,"column":6},"end":{"line":21,"column":37}},"14":{"start":{"line":24,"column":4},"end":{"line":24,"column":41}},"15":{"start":{"line":30,"column":20},"end":{"line":59,"column":1}},"16":{"start":{"line":31,"column":31},"end":{"line":31,"column":34}},"17":{"start":{"line":33,"column":2},"end":{"line":58,"column":3}},"18":{"start":{"line":34,"column":17},"end":{"line":34,"column":64}},"19":{"start":{"line":35,"column":4},"end":{"line":37,"column":5}},"20":{"start":{"line":36,"column":6},"end":{"line":36,"column":62}},"21":{"start":{"line":39,"column":4},"end":{"line":41,"column":5}},"22":{"start":{"line":40,"column":6},"end":{"line":40,"column":67}},"23":{"start":{"line":43,"column":23},"end":{"line":46,"column":6}},"24":{"start":{"line":48,"column":4},"end":{"line":48,"column":28}},"25":{"start":{"line":50,"column":4},"end":{"line":54,"column":5}},"26":{"start":{"line":51,"column":6},"end":{"line":53,"column":41}},"27":{"start":{"line":55,"column":4},"end":{"line":55,"column":37}},"28":{"start":{"line":57,"column":4},"end":{"line":57,"column":47}},"29":{"start":{"line":61,"column":21},"end":{"line":87,"column":1}},"30":{"start":{"line":62,"column":31},"end":{"line":62,"column":34}},"31":{"start":{"line":63,"column":2},"end":{"line":65,"column":3}},"32":{"start":{"line":64,"column":4},"end":{"line":64,"column":70}},"33":{"start":{"line":66,"column":2},"end":{"line":86,"column":3}},"34":{"start":{"line":67,"column":21},"end":{"line":76,"column":13}},"35":{"start":{"line":77,"column":4},"end":{"line":79,"column":5}},"36":{"start":{"line":78,"column":6},"end":{"line":78,"column":72}},"37":{"start":{"line":81,"column":4},"end":{"line":81,"column":35}},"38":{"start":{"line":83,"column":4},"end":{"line":85,"column":72}},"39":{"start":{"line":109,"column":25},"end":{"line":128,"column":1}},"40":{"start":{"line":110,"column":19},"end":{"line":110,"column":38}},"41":{"start":{"line":111,"column":2},"end":{"line":127,"column":3}},"42":{"start":{"line":112,"column":4},"end":{"line":124,"column":5}},"43":{"start":{"line":113,"column":6},"end":{"line":113,"column":54}},"44":{"start":{"line":115,"column":23},"end":{"line":121,"column":15}},"45":{"start":{"line":123,"column":6},"end":{"line":123,"column":37}},"46":{"start":{"line":126,"column":4},"end":{"line":126,"column":57}},"47":{"start":{"line":130,"column":0},"end":{"line":135,"column":2}}},"fnMap":{"0":{"name":"(anonymous_0)","decl":{"start":{"line":10,"column":29},"end":{"line":10,"column":30}},"loc":{"start":{"line":10,"column":49},"end":{"line":26,"column":1}},"line":10},"1":{"name":"(anonymous_1)","decl":{"start":{"line":30,"column":20},"end":{"line":30,"column":21}},"loc":{"start":{"line":30,"column":40},"end":{"line":59,"column":1}},"line":30},"2":{"name":"(anonymous_2)","decl":{"start":{"line":61,"column":21},"end":{"line":61,"column":22}},"loc":{"start":{"line":61,"column":41},"end":{"line":87,"column":1}},"line":61},"3":{"name":"(anonymous_3)","decl":{"start":{"line":109,"column":25},"end":{"line":109,"column":26}},"loc":{"start":{"line":109,"column":45},"end":{"line":128,"column":1}},"line":109}},"branchMap":{"0":{"loc":{"start":{"line":7,"column":0},"end":{"line":9,"column":1}},"type":"if","locations":[{"start":{"line":7,"column":0},"end":{"line":9,"column":1}},{"start":{},"end":{}}],"line":7},"1":{"loc":{"start":{"line":13,"column":4},"end":{"line":22,"column":5}},"type":"if","locations":[{"start":{"line":13,"column":4},"end":{"line":22,"column":5}},{"start":{"line":15,"column":11},"end":{"line":22,"column":5}}],"line":13},"2":{"loc":{"start":{"line":35,"column":4},"end":{"line":37,"column":5}},"type":"if","locations":[{"start":{"line":35,"column":4},"end":{"line":37,"column":5}},{"start":{},"end":{}}],"line":35},"3":{"loc":{"start":{"line":39,"column":4},"end":{"line":41,"column":5}},"type":"if","locations":[{"start":{"line":39,"column":4},"end":{"line":41,"column":5}},{"start":{},"end":{}}],"line":39},"4":{"loc":{"start":{"line":50,"column":4},"end":{"line":54,"column":5}},"type":"if","locations":[{"start":{"line":50,"column":4},"end":{"line":54,"column":5}},{"start":{},"end":{}}],"line":50},"5":{"loc":{"start":{"line":63,"column":2},"end":{"line":65,"column":3}},"type":"if","locations":[{"start":{"line":63,"column":2},"end":{"line":65,"column":3}},{"start":{},"end":{}}],"line":63},"6":{"loc":{"start":{"line":77,"column":4},"end":{"line":79,"column":5}},"type":"if","locations":[{"start":{"line":77,"column":4},"end":{"line":79,"column":5}},{"start":{},"end":{}}],"line":77},"7":{"loc":{"start":{"line":112,"column":4},"end":{"line":124,"column":5}},"type":"if","locations":[{"start":{"line":112,"column":4},"end":{"line":124,"column":5}},{"start":{"line":114,"column":11},"end":{"line":124,"column":5}}],"line":112}},"s":{"0":21,"1":21,"2":21,"3":21,"4":21,"5":21,"6":0,"7":21,"8":3,"9":3,"10":3,"11":0,"12":3,"13":1,"14":2,"15":21,"16":3,"17":3,"18":3,"19":2,"20":0,"21":2,"22":1,"23":1,"24":1,"25":1,"26":0,"27":1,"28":1,"29":21,"30":0,"31":0,"32":0,"33":0,"34":0,"35":0,"36":0,"37":0,"38":0,"39":21,"40":1,"41":1,"42":1,"43":0,"44":1,"45":1,"46":0,"47":21},"f":{"0":3,"1":3,"2":0,"3":1},"b":{"0":[0,21],"1":[0,3],"2":[0,2],"3":[1,1],"4":[0,1],"5":[0,0],"6":[0,0],"7":[0,1]},"_coverageSchema":"1a1c01bbd47fc00a2c39e90264f33305004495a9","hash":"37f65b897c107dc27633a42ae0c41ca4dc0d009b"}
,"/home/mar.badia/Escritorio/Master/wallapop/backend/src/mongo/controllers/productController.js": {"path":"/home/mar.badia/Escritorio/Master/wallapop/backend/src/mongo/controllers/productController.js","statementMap":{"0":{"start":{"line":1,"column":21},"end":{"line":1,"column":54}},"1":{"start":{"line":2,"column":22},"end":{"line":2,"column":56}},"2":{"start":{"line":4,"column":23},"end":{"line":11,"column":1}},"3":{"start":{"line":5,"column":2},"end":{"line":10,"column":3}},"4":{"start":{"line":6,"column":24},"end":{"line":6,"column":79}},"5":{"start":{"line":7,"column":4},"end":{"line":7,"column":38}},"6":{"start":{"line":9,"column":4},"end":{"line":9,"column":61}},"7":{"start":{"line":13,"column":26},"end":{"line":34,"column":1}},"8":{"start":{"line":14,"column":2},"end":{"line":33,"column":3}},"9":{"start":{"line":15,"column":17},"end":{"line":15,"column":46}},"10":{"start":{"line":16,"column":18},"end":{"line":16,"column":20}},"11":{"start":{"line":18,"column":18},"end":{"line":18,"column":53}},"12":{"start":{"line":19,"column":23},"end":{"line":19,"column":47}},"13":{"start":{"line":21,"column":17},"end":{"line":21,"column":35}},"14":{"start":{"line":23,"column":24},"end":{"line":28,"column":13}},"15":{"start":{"line":30,"column":4},"end":{"line":30,"column":64}},"16":{"start":{"line":32,"column":4},"end":{"line":32,"column":61}},"17":{"start":{"line":36,"column":23},"end":{"line":48,"column":1}},"18":{"start":{"line":37,"column":17},"end":{"line":37,"column":27}},"19":{"start":{"line":38,"column":2},"end":{"line":47,"column":3}},"20":{"start":{"line":39,"column":24},"end":{"line":43,"column":13}},"21":{"start":{"line":44,"column":4},"end":{"line":44,"column":38}},"22":{"start":{"line":46,"column":4},"end":{"line":46,"column":70}},"23":{"start":{"line":50,"column":25},"end":{"line":64,"column":1}},"24":{"start":{"line":51,"column":17},"end":{"line":51,"column":32}},"25":{"start":{"line":52,"column":2},"end":{"line":52,"column":59}},"26":{"start":{"line":52,"column":15},"end":{"line":52,"column":59}},"27":{"start":{"line":53,"column":2},"end":{"line":63,"column":3}},"28":{"start":{"line":54,"column":4},"end":{"line":60,"column":5}},"29":{"start":{"line":55,"column":22},"end":{"line":58,"column":31}},"30":{"start":{"line":59,"column":6},"end":{"line":59,"column":36}},"31":{"start":{"line":62,"column":4},"end":{"line":62,"column":41}},"32":{"start":{"line":66,"column":29},"end":{"line":85,"column":1}},"33":{"start":{"line":67,"column":17},"end":{"line":67,"column":32}},"34":{"start":{"line":68,"column":2},"end":{"line":84,"column":3}},"35":{"start":{"line":69,"column":4},"end":{"line":69,"column":61}},"36":{"start":{"line":69,"column":17},"end":{"line":69,"column":61}},"37":{"start":{"line":71,"column":21},"end":{"line":74,"column":29}},"38":{"start":{"line":76,"column":4},"end":{"line":80,"column":5}},"39":{"start":{"line":77,"column":6},"end":{"line":79,"column":62}},"40":{"start":{"line":81,"column":4},"end":{"line":81,"column":35}},"41":{"start":{"line":83,"column":4},"end":{"line":83,"column":41}},"42":{"start":{"line":87,"column":29},"end":{"line":101,"column":1}},"43":{"start":{"line":88,"column":17},"end":{"line":88,"column":32}},"44":{"start":{"line":89,"column":2},"end":{"line":89,"column":59}},"45":{"start":{"line":89,"column":15},"end":{"line":89,"column":59}},"46":{"start":{"line":90,"column":2},"end":{"line":100,"column":3}},"47":{"start":{"line":91,"column":4},"end":{"line":97,"column":5}},"48":{"start":{"line":92,"column":22},"end":{"line":95,"column":31}},"49":{"start":{"line":96,"column":6},"end":{"line":96,"column":36}},"50":{"start":{"line":99,"column":4},"end":{"line":99,"column":41}},"51":{"start":{"line":104,"column":29},"end":{"line":117,"column":1}},"52":{"start":{"line":105,"column":23},"end":{"line":105,"column":33}},"53":{"start":{"line":106,"column":2},"end":{"line":116,"column":3}},"54":{"start":{"line":107,"column":30},"end":{"line":111,"column":29}},"55":{"start":{"line":112,"column":4},"end":{"line":112,"column":44}},"56":{"start":{"line":114,"column":4},"end":{"line":114,"column":71}},"57":{"start":{"line":115,"column":4},"end":{"line":115,"column":23}},"58":{"start":{"line":120,"column":25},"end":{"line":131,"column":1}},"59":{"start":{"line":121,"column":19},"end":{"line":121,"column":29}},"60":{"start":{"line":122,"column":2},"end":{"line":130,"column":3}},"61":{"start":{"line":123,"column":26},"end":{"line":125,"column":6}},"62":{"start":{"line":126,"column":4},"end":{"line":126,"column":40}},"63":{"start":{"line":128,"column":4},"end":{"line":128,"column":71}},"64":{"start":{"line":129,"column":4},"end":{"line":129,"column":23}},"65":{"start":{"line":134,"column":20},"end":{"line":155,"column":1}},"66":{"start":{"line":135,"column":19},"end":{"line":135,"column":22}},"67":{"start":{"line":137,"column":19},"end":{"line":137,"column":29}},"68":{"start":{"line":138,"column":2},"end":{"line":140,"column":3}},"69":{"start":{"line":139,"column":4},"end":{"line":139,"column":77}},"70":{"start":{"line":141,"column":2},"end":{"line":154,"column":3}},"71":{"start":{"line":142,"column":23},"end":{"line":142,"column":45}},"72":{"start":{"line":143,"column":4},"end":{"line":143,"column":27}},"73":{"start":{"line":144,"column":16},"end":{"line":144,"column":75}},"74":{"start":{"line":145,"column":4},"end":{"line":147,"column":5}},"75":{"start":{"line":146,"column":6},"end":{"line":146,"column":42}},"76":{"start":{"line":148,"column":4},"end":{"line":148,"column":28}},"77":{"start":{"line":150,"column":4},"end":{"line":150,"column":37}},"78":{"start":{"line":152,"column":4},"end":{"line":152,"column":23}},"79":{"start":{"line":153,"column":4},"end":{"line":153,"column":70}},"80":{"start":{"line":157,"column":26},"end":{"line":175,"column":1}},"81":{"start":{"line":158,"column":17},"end":{"line":158,"column":27}},"82":{"start":{"line":159,"column":15},"end":{"line":159,"column":23}},"83":{"start":{"line":161,"column":2},"end":{"line":163,"column":3}},"84":{"start":{"line":162,"column":4},"end":{"line":162,"column":77}},"85":{"start":{"line":164,"column":2},"end":{"line":174,"column":3}},"86":{"start":{"line":165,"column":26},"end":{"line":165,"column":79}},"87":{"start":{"line":166,"column":4},"end":{"line":168,"column":5}},"88":{"start":{"line":167,"column":6},"end":{"line":167,"column":79}},"89":{"start":{"line":169,"column":4},"end":{"line":169,"column":40}},"90":{"start":{"line":171,"column":4},"end":{"line":173,"column":71}},"91":{"start":{"line":177,"column":26},"end":{"line":193,"column":1}},"92":{"start":{"line":178,"column":17},"end":{"line":178,"column":27}},"93":{"start":{"line":179,"column":2},"end":{"line":192,"column":3}},"94":{"start":{"line":180,"column":23},"end":{"line":180,"column":70}},"95":{"start":{"line":181,"column":4},"end":{"line":183,"column":5}},"96":{"start":{"line":182,"column":6},"end":{"line":182,"column":79}},"97":{"start":{"line":184,"column":4},"end":{"line":187,"column":7}},"98":{"start":{"line":189,"column":4},"end":{"line":191,"column":71}},"99":{"start":{"line":195,"column":0},"end":{"line":207,"column":2}}},"fnMap":{"0":{"name":"(anonymous_0)","decl":{"start":{"line":4,"column":23},"end":{"line":4,"column":24}},"loc":{"start":{"line":4,"column":43},"end":{"line":11,"column":1}},"line":4},"1":{"name":"(anonymous_1)","decl":{"start":{"line":13,"column":26},"end":{"line":13,"column":27}},"loc":{"start":{"line":13,"column":46},"end":{"line":34,"column":1}},"line":13},"2":{"name":"(anonymous_2)","decl":{"start":{"line":36,"column":23},"end":{"line":36,"column":24}},"loc":{"start":{"line":36,"column":43},"end":{"line":48,"column":1}},"line":36},"3":{"name":"(anonymous_3)","decl":{"start":{"line":50,"column":25},"end":{"line":50,"column":26}},"loc":{"start":{"line":50,"column":45},"end":{"line":64,"column":1}},"line":50},"4":{"name":"(anonymous_4)","decl":{"start":{"line":66,"column":29},"end":{"line":66,"column":30}},"loc":{"start":{"line":66,"column":49},"end":{"line":85,"column":1}},"line":66},"5":{"name":"(anonymous_5)","decl":{"start":{"line":87,"column":29},"end":{"line":87,"column":30}},"loc":{"start":{"line":87,"column":49},"end":{"line":101,"column":1}},"line":87},"6":{"name":"(anonymous_6)","decl":{"start":{"line":104,"column":29},"end":{"line":104,"column":30}},"loc":{"start":{"line":104,"column":49},"end":{"line":117,"column":1}},"line":104},"7":{"name":"(anonymous_7)","decl":{"start":{"line":120,"column":25},"end":{"line":120,"column":26}},"loc":{"start":{"line":120,"column":45},"end":{"line":131,"column":1}},"line":120},"8":{"name":"(anonymous_8)","decl":{"start":{"line":134,"column":20},"end":{"line":134,"column":21}},"loc":{"start":{"line":134,"column":40},"end":{"line":155,"column":1}},"line":134},"9":{"name":"(anonymous_9)","decl":{"start":{"line":157,"column":26},"end":{"line":157,"column":27}},"loc":{"start":{"line":157,"column":46},"end":{"line":175,"column":1}},"line":157},"10":{"name":"(anonymous_10)","decl":{"start":{"line":177,"column":26},"end":{"line":177,"column":27}},"loc":{"start":{"line":177,"column":46},"end":{"line":193,"column":1}},"line":177}},"branchMap":{"0":{"loc":{"start":{"line":15,"column":17},"end":{"line":15,"column":46}},"type":"binary-expr","locations":[{"start":{"line":15,"column":17},"end":{"line":15,"column":41}},{"start":{"line":15,"column":45},"end":{"line":15,"column":46}}],"line":15},"1":{"loc":{"start":{"line":52,"column":2},"end":{"line":52,"column":59}},"type":"if","locations":[{"start":{"line":52,"column":2},"end":{"line":52,"column":59}},{"start":{},"end":{}}],"line":52},"2":{"loc":{"start":{"line":54,"column":4},"end":{"line":60,"column":5}},"type":"if","locations":[{"start":{"line":54,"column":4},"end":{"line":60,"column":5}},{"start":{},"end":{}}],"line":54},"3":{"loc":{"start":{"line":69,"column":4},"end":{"line":69,"column":61}},"type":"if","locations":[{"start":{"line":69,"column":4},"end":{"line":69,"column":61}},{"start":{},"end":{}}],"line":69},"4":{"loc":{"start":{"line":76,"column":4},"end":{"line":80,"column":5}},"type":"if","locations":[{"start":{"line":76,"column":4},"end":{"line":80,"column":5}},{"start":{},"end":{}}],"line":76},"5":{"loc":{"start":{"line":89,"column":2},"end":{"line":89,"column":59}},"type":"if","locations":[{"start":{"line":89,"column":2},"end":{"line":89,"column":59}},{"start":{},"end":{}}],"line":89},"6":{"loc":{"start":{"line":91,"column":4},"end":{"line":97,"column":5}},"type":"if","locations":[{"start":{"line":91,"column":4},"end":{"line":97,"column":5}},{"start":{},"end":{}}],"line":91},"7":{"loc":{"start":{"line":138,"column":2},"end":{"line":140,"column":3}},"type":"if","locations":[{"start":{"line":138,"column":2},"end":{"line":140,"column":3}},{"start":{},"end":{}}],"line":138},"8":{"loc":{"start":{"line":138,"column":6},"end":{"line":138,"column":53}},"type":"binary-expr","locations":[{"start":{"line":138,"column":6},"end":{"line":138,"column":17}},{"start":{"line":138,"column":21},"end":{"line":138,"column":38}},{"start":{"line":138,"column":42},"end":{"line":138,"column":53}}],"line":138},"9":{"loc":{"start":{"line":145,"column":4},"end":{"line":147,"column":5}},"type":"if","locations":[{"start":{"line":145,"column":4},"end":{"line":147,"column":5}},{"start":{},"end":{}}],"line":145},"10":{"loc":{"start":{"line":161,"column":2},"end":{"line":163,"column":3}},"type":"if","locations":[{"start":{"line":161,"column":2},"end":{"line":163,"column":3}},{"start":{},"end":{}}],"line":161},"11":{"loc":{"start":{"line":161,"column":6},"end":{"line":161,"column":53}},"type":"binary-expr","locations":[{"start":{"line":161,"column":6},"end":{"line":161,"column":17}},{"start":{"line":161,"column":21},"end":{"line":161,"column":38}},{"start":{"line":161,"column":42},"end":{"line":161,"column":53}}],"line":161},"12":{"loc":{"start":{"line":166,"column":4},"end":{"line":168,"column":5}},"type":"if","locations":[{"start":{"line":166,"column":4},"end":{"line":168,"column":5}},{"start":{},"end":{}}],"line":166},"13":{"loc":{"start":{"line":181,"column":4},"end":{"line":183,"column":5}},"type":"if","locations":[{"start":{"line":181,"column":4},"end":{"line":183,"column":5}},{"start":{},"end":{}}],"line":181}},"s":{"0":21,"1":21,"2":21,"3":1,"4":1,"5":1,"6":0,"7":21,"8":0,"9":0,"10":0,"11":0,"12":0,"13":0,"14":0,"15":0,"16":0,"17":21,"18":4,"19":4,"20":4,"21":1,"22":3,"23":21,"24":2,"25":2,"26":0,"27":2,"28":2,"29":2,"30":1,"31":1,"32":21,"33":0,"34":0,"35":0,"36":0,"37":0,"38":0,"39":0,"40":0,"41":0,"42":21,"43":1,"44":1,"45":0,"46":1,"47":1,"48":1,"49":1,"50":0,"51":21,"52":1,"53":1,"54":1,"55":1,"56":0,"57":0,"58":21,"59":1,"60":1,"61":1,"62":1,"63":0,"64":0,"65":21,"66":4,"67":4,"68":4,"69":3,"70":1,"71":1,"72":1,"73":1,"74":1,"75":0,"76":1,"77":1,"78":0,"79":0,"80":21,"81":4,"82":4,"83":4,"84":3,"85":1,"86":1,"87":1,"88":0,"89":1,"90":0,"91":21,"92":3,"93":3,"94":3,"95":2,"96":1,"97":1,"98":1,"99":21},"f":{"0":1,"1":0,"2":4,"3":2,"4":0,"5":1,"6":1,"7":1,"8":4,"9":4,"10":3},"b":{"0":[0,0],"1":[0,2],"2":[2,0],"3":[0,0],"4":[0,0],"5":[0,1],"6":[1,0],"7":[3,1],"8":[4,3,2],"9":[0,1],"10":[3,1],"11":[4,2,1],"12":[0,1],"13":[1,1]},"_coverageSchema":"1a1c01bbd47fc00a2c39e90264f33305004495a9","hash":"abddec1db7ce8093f4693c4a35b7d75cd7d67cad"}
,"/home/mar.badia/Escritorio/Master/wallapop/backend/src/mongo/controllers/transactionController.js": {"path":"/home/mar.badia/Escritorio/Master/wallapop/backend/src/mongo/controllers/transactionController.js","statementMap":{"0":{"start":{"line":1,"column":21},"end":{"line":1,"column":54}},"1":{"start":{"line":2,"column":25},"end":{"line":2,"column":62}},"2":{"start":{"line":3,"column":18},"end":{"line":3,"column":48}},"3":{"start":{"line":7,"column":30},"end":{"line":24,"column":1}},"4":{"start":{"line":8,"column":17},"end":{"line":8,"column":32}},"5":{"start":{"line":10,"column":2},"end":{"line":10,"column":59}},"6":{"start":{"line":10,"column":15},"end":{"line":10,"column":59}},"7":{"start":{"line":11,"column":2},"end":{"line":23,"column":3}},"8":{"start":{"line":12,"column":4},"end":{"line":20,"column":5}},"9":{"start":{"line":13,"column":26},"end":{"line":18,"column":28}},"10":{"start":{"line":19,"column":6},"end":{"line":19,"column":40}},"11":{"start":{"line":22,"column":4},"end":{"line":22,"column":41}},"12":{"start":{"line":27,"column":25},"end":{"line":54,"column":1}},"13":{"start":{"line":28,"column":19},"end":{"line":28,"column":22}},"14":{"start":{"line":29,"column":33},"end":{"line":29,"column":41}},"15":{"start":{"line":30,"column":26},"end":{"line":30,"column":36}},"16":{"start":{"line":32,"column":2},"end":{"line":53,"column":3}},"17":{"start":{"line":33,"column":4},"end":{"line":33,"column":77}},"18":{"start":{"line":35,"column":4},"end":{"line":52,"column":5}},"19":{"start":{"line":37,"column":29},"end":{"line":37,"column":55}},"20":{"start":{"line":39,"column":6},"end":{"line":39,"column":49}},"21":{"start":{"line":41,"column":26},"end":{"line":44,"column":15}},"22":{"start":{"line":46,"column":6},"end":{"line":46,"column":55}},"23":{"start":{"line":47,"column":6},"end":{"line":47,"column":34}},"24":{"start":{"line":49,"column":6},"end":{"line":49,"column":43}},"25":{"start":{"line":51,"column":6},"end":{"line":51,"column":76}},"26":{"start":{"line":56,"column":0},"end":{"line":59,"column":2}}},"fnMap":{"0":{"name":"(anonymous_0)","decl":{"start":{"line":7,"column":30},"end":{"line":7,"column":31}},"loc":{"start":{"line":7,"column":50},"end":{"line":24,"column":1}},"line":7},"1":{"name":"(anonymous_1)","decl":{"start":{"line":27,"column":25},"end":{"line":27,"column":26}},"loc":{"start":{"line":27,"column":45},"end":{"line":54,"column":1}},"line":27}},"branchMap":{"0":{"loc":{"start":{"line":10,"column":2},"end":{"line":10,"column":59}},"type":"if","locations":[{"start":{"line":10,"column":2},"end":{"line":10,"column":59}},{"start":{},"end":{}}],"line":10},"1":{"loc":{"start":{"line":12,"column":4},"end":{"line":20,"column":5}},"type":"if","locations":[{"start":{"line":12,"column":4},"end":{"line":20,"column":5}},{"start":{},"end":{}}],"line":12},"2":{"loc":{"start":{"line":32,"column":2},"end":{"line":53,"column":3}},"type":"if","locations":[{"start":{"line":32,"column":2},"end":{"line":53,"column":3}},{"start":{"line":34,"column":9},"end":{"line":53,"column":3}}],"line":32},"3":{"loc":{"start":{"line":32,"column":6},"end":{"line":32,"column":35}},"type":"binary-expr","locations":[{"start":{"line":32,"column":6},"end":{"line":32,"column":18}},{"start":{"line":32,"column":22},"end":{"line":32,"column":35}}],"line":32}},"s":{"0":21,"1":21,"2":21,"3":21,"4":2,"5":2,"6":0,"7":2,"8":2,"9":2,"10":1,"11":1,"12":21,"13":3,"14":3,"15":3,"16":3,"17":2,"18":1,"19":1,"20":1,"21":1,"22":1,"23":0,"24":0,"25":1,"26":21},"f":{"0":2,"1":3},"b":{"0":[0,2],"1":[2,0],"2":[2,1],"3":[3,3]},"_coverageSchema":"1a1c01bbd47fc00a2c39e90264f33305004495a9","hash":"a87c7f65cddd5b84e414dd74e68b1ff796541a70"}
,"/home/mar.badia/Escritorio/Master/wallapop/backend/src/mongo/controllers/userController.js": {"path":"/home/mar.badia/Escritorio/Master/wallapop/backend/src/mongo/controllers/userController.js","statementMap":{"0":{"start":{"line":1,"column":16},"end":{"line":1,"column":34}},"1":{"start":{"line":2,"column":18},"end":{"line":2,"column":48}},"2":{"start":{"line":4,"column":18},"end":{"line":40,"column":1}},"3":{"start":{"line":5,"column":30},"end":{"line":5,"column":38}},"4":{"start":{"line":7,"column":2},"end":{"line":11,"column":3}},"5":{"start":{"line":8,"column":4},"end":{"line":10,"column":63}},"6":{"start":{"line":12,"column":2},"end":{"line":39,"column":3}},"7":{"start":{"line":13,"column":22},"end":{"line":13,"column":56}},"8":{"start":{"line":14,"column":4},"end":{"line":18,"column":5}},"9":{"start":{"line":15,"column":6},"end":{"line":17,"column":65}},"10":{"start":{"line":20,"column":4},"end":{"line":24,"column":5}},"11":{"start":{"line":21,"column":6},"end":{"line":23,"column":68}},"12":{"start":{"line":26,"column":4},"end":{"line":34,"column":7}},"13":{"start":{"line":36,"column":4},"end":{"line":38,"column":78}},"14":{"start":{"line":42,"column":21},"end":{"line":78,"column":1}},"15":{"start":{"line":43,"column":16},"end":{"line":43,"column":30}},"16":{"start":{"line":44,"column":19},"end":{"line":44,"column":22}},"17":{"start":{"line":46,"column":2},"end":{"line":77,"column":3}},"18":{"start":{"line":47,"column":4},"end":{"line":51,"column":5}},"19":{"start":{"line":48,"column":6},"end":{"line":50,"column":61}},"20":{"start":{"line":52,"column":25},"end":{"line":52,"column":66}},"21":{"start":{"line":54,"column":4},"end":{"line":73,"column":5}},"22":{"start":{"line":55,"column":6},"end":{"line":57,"column":64}},"23":{"start":{"line":59,"column":22},"end":{"line":59,"column":41}},"24":{"start":{"line":60,"column":24},"end":{"line":60,"column":44}},"25":{"start":{"line":61,"column":6},"end":{"line":72,"column":7}},"26":{"start":{"line":62,"column":22},"end":{"line":62,"column":45}},"27":{"start":{"line":63,"column":8},"end":{"line":71,"column":11}},"28":{"start":{"line":75,"column":4},"end":{"line":75,"column":21}},"29":{"start":{"line":76,"column":4},"end":{"line":76,"column":43}},"30":{"start":{"line":80,"column":21},"end":{"line":87,"column":1}},"31":{"start":{"line":81,"column":18},"end":{"line":81,"column":57}},"32":{"start":{"line":82,"column":2},"end":{"line":86,"column":3}},"33":{"start":{"line":83,"column":4},"end":{"line":83,"column":50}},"34":{"start":{"line":85,"column":4},"end":{"line":85,"column":34}},"35":{"start":{"line":89,"column":23},"end":{"line":101,"column":1}},"36":{"start":{"line":90,"column":19},"end":{"line":90,"column":22}},"37":{"start":{"line":91,"column":15},"end":{"line":91,"column":73}},"38":{"start":{"line":92,"column":2},"end":{"line":100,"column":3}},"39":{"start":{"line":93,"column":4},"end":{"line":93,"column":71}},"40":{"start":{"line":95,"column":4},"end":{"line":99,"column":5}},"41":{"start":{"line":96,"column":6},"end":{"line":96,"column":71}},"42":{"start":{"line":98,"column":6},"end":{"line":98,"column":33}},"43":{"start":{"line":103,"column":23},"end":{"line":110,"column":1}},"44":{"start":{"line":104,"column":15},"end":{"line":104,"column":73}},"45":{"start":{"line":105,"column":2},"end":{"line":109,"column":3}},"46":{"start":{"line":106,"column":4},"end":{"line":106,"column":69}},"47":{"start":{"line":108,"column":4},"end":{"line":108,"column":31}},"48":{"start":{"line":112,"column":0},"end":{"line":118,"column":2}}},"fnMap":{"0":{"name":"(anonymous_0)","decl":{"start":{"line":4,"column":18},"end":{"line":4,"column":19}},"loc":{"start":{"line":4,"column":38},"end":{"line":40,"column":1}},"line":4},"1":{"name":"(anonymous_1)","decl":{"start":{"line":42,"column":21},"end":{"line":42,"column":22}},"loc":{"start":{"line":42,"column":41},"end":{"line":78,"column":1}},"line":42},"2":{"name":"(anonymous_2)","decl":{"start":{"line":80,"column":21},"end":{"line":80,"column":22}},"loc":{"start":{"line":80,"column":41},"end":{"line":87,"column":1}},"line":80},"3":{"name":"(anonymous_3)","decl":{"start":{"line":89,"column":23},"end":{"line":89,"column":24}},"loc":{"start":{"line":89,"column":43},"end":{"line":101,"column":1}},"line":89},"4":{"name":"(anonymous_4)","decl":{"start":{"line":103,"column":23},"end":{"line":103,"column":24}},"loc":{"start":{"line":103,"column":43},"end":{"line":110,"column":1}},"line":103}},"branchMap":{"0":{"loc":{"start":{"line":7,"column":2},"end":{"line":11,"column":3}},"type":"if","locations":[{"start":{"line":7,"column":2},"end":{"line":11,"column":3}},{"start":{},"end":{}}],"line":7},"1":{"loc":{"start":{"line":7,"column":6},"end":{"line":7,"column":25}},"type":"binary-expr","locations":[{"start":{"line":7,"column":6},"end":{"line":7,"column":12}},{"start":{"line":7,"column":16},"end":{"line":7,"column":25}}],"line":7},"2":{"loc":{"start":{"line":14,"column":4},"end":{"line":18,"column":5}},"type":"if","locations":[{"start":{"line":14,"column":4},"end":{"line":18,"column":5}},{"start":{},"end":{}}],"line":14},"3":{"loc":{"start":{"line":20,"column":4},"end":{"line":24,"column":5}},"type":"if","locations":[{"start":{"line":20,"column":4},"end":{"line":24,"column":5}},{"start":{},"end":{}}],"line":20},"4":{"loc":{"start":{"line":47,"column":4},"end":{"line":51,"column":5}},"type":"if","locations":[{"start":{"line":47,"column":4},"end":{"line":51,"column":5}},{"start":{},"end":{}}],"line":47},"5":{"loc":{"start":{"line":54,"column":4},"end":{"line":73,"column":5}},"type":"if","locations":[{"start":{"line":54,"column":4},"end":{"line":73,"column":5}},{"start":{"line":58,"column":11},"end":{"line":73,"column":5}}],"line":54},"6":{"loc":{"start":{"line":61,"column":6},"end":{"line":72,"column":7}},"type":"if","locations":[{"start":{"line":61,"column":6},"end":{"line":72,"column":7}},{"start":{},"end":{}}],"line":61},"7":{"loc":{"start":{"line":82,"column":2},"end":{"line":86,"column":3}},"type":"if","locations":[{"start":{"line":82,"column":2},"end":{"line":86,"column":3}},{"start":{"line":84,"column":9},"end":{"line":86,"column":3}}],"line":82},"8":{"loc":{"start":{"line":92,"column":2},"end":{"line":100,"column":3}},"type":"if","locations":[{"start":{"line":92,"column":2},"end":{"line":100,"column":3}},{"start":{"line":94,"column":9},"end":{"line":100,"column":3}}],"line":92},"9":{"loc":{"start":{"line":92,"column":6},"end":{"line":92,"column":46}},"type":"binary-expr","locations":[{"start":{"line":92,"column":6},"end":{"line":92,"column":17}},{"start":{"line":92,"column":21},"end":{"line":92,"column":31}},{"start":{"line":92,"column":35},"end":{"line":92,"column":46}}],"line":92},"10":{"loc":{"start":{"line":95,"column":4},"end":{"line":99,"column":5}},"type":"if","locations":[{"start":{"line":95,"column":4},"end":{"line":99,"column":5}},{"start":{"line":97,"column":11},"end":{"line":99,"column":5}}],"line":95},"11":{"loc":{"start":{"line":105,"column":2},"end":{"line":109,"column":3}},"type":"if","locations":[{"start":{"line":105,"column":2},"end":{"line":109,"column":3}},{"start":{"line":107,"column":9},"end":{"line":109,"column":3}}],"line":105}},"s":{"0":21,"1":21,"2":21,"3":5,"4":5,"5":2,"6":3,"7":3,"8":3,"9":0,"10":3,"11":1,"12":2,"13":0,"14":21,"15":5,"16":5,"17":5,"18":5,"19":1,"20":4,"21":4,"22":2,"23":2,"24":2,"25":2,"26":2,"27":2,"28":0,"29":0,"30":21,"31":0,"32":0,"33":0,"34":0,"35":21,"36":2,"37":2,"38":2,"39":1,"40":1,"41":0,"42":1,"43":21,"44":1,"45":1,"46":0,"47":1,"48":21},"f":{"0":5,"1":5,"2":0,"3":2,"4":1},"b":{"0":[2,3],"1":[5,4],"2":[0,3],"3":[1,2],"4":[1,4],"5":[2,2],"6":[2,0],"7":[0,0],"8":[1,1],"9":[2,2,1],"10":[0,1],"11":[0,1]},"_coverageSchema":"1a1c01bbd47fc00a2c39e90264f33305004495a9","hash":"ac05c37eb3011b650533c6c97b60a452675b537f"}
,"/home/mar.badia/Escritorio/Master/wallapop/backend/src/mongo/models/categoryModel.js": {"path":"/home/mar.badia/Escritorio/Master/wallapop/backend/src/mongo/models/categoryModel.js","statementMap":{"0":{"start":{"line":1,"column":18},"end":{"line":1,"column":37}},"1":{"start":{"line":2,"column":23},"end":{"line":2,"column":59}},"2":{"start":{"line":5,"column":22},"end":{"line":5,"column":55}},"3":{"start":{"line":7,"column":0},"end":{"line":7,"column":31}}},"fnMap":{},"branchMap":{},"s":{"0":21,"1":21,"2":21,"3":21},"f":{},"b":{},"_coverageSchema":"1a1c01bbd47fc00a2c39e90264f33305004495a9","hash":"10b4a1e93c7d1af91593c61398b38a6bac64ac10"}
,"/home/mar.badia/Escritorio/Master/wallapop/backend/src/mongo/models/chatroomModel.js": {"path":"/home/mar.badia/Escritorio/Master/wallapop/backend/src/mongo/models/chatroomModel.js","statementMap":{"0":{"start":{"line":1,"column":18},"end":{"line":1,"column":37}},"1":{"start":{"line":2,"column":23},"end":{"line":2,"column":59}},"2":{"start":{"line":3,"column":21},"end":{"line":3,"column":46}},"3":{"start":{"line":5,"column":0},"end":{"line":8,"column":3}},"4":{"start":{"line":6,"column":1},"end":{"line":6,"column":46}},"5":{"start":{"line":7,"column":1},"end":{"line":7,"column":8}},"6":{"start":{"line":10,"column":22},"end":{"line":10,"column":56}},"7":{"start":{"line":13,"column":0},"end":{"line":13,"column":31}}},"fnMap":{"0":{"name":"(anonymous_0)","decl":{"start":{"line":5,"column":29},"end":{"line":5,"column":30}},"loc":{"start":{"line":5,"column":45},"end":{"line":8,"column":1}},"line":5}},"branchMap":{},"s":{"0":21,"1":21,"2":21,"3":21,"4":0,"5":0,"6":21,"7":21},"f":{"0":0},"b":{},"_coverageSchema":"1a1c01bbd47fc00a2c39e90264f33305004495a9","hash":"13bcf8a83f5a79973f1d81eb4b5d2ed7d9ca1f0c"}
,"/home/mar.badia/Escritorio/Master/wallapop/backend/src/mongo/models/favoriteModel.js": {"path":"/home/mar.badia/Escritorio/Master/wallapop/backend/src/mongo/models/favoriteModel.js","statementMap":{"0":{"start":{"line":1,"column":18},"end":{"line":1,"column":37}},"1":{"start":{"line":2,"column":23},"end":{"line":2,"column":59}},"2":{"start":{"line":5,"column":22},"end":{"line":5,"column":55}},"3":{"start":{"line":7,"column":0},"end":{"line":7,"column":31}}},"fnMap":{},"branchMap":{},"s":{"0":21,"1":21,"2":21,"3":21},"f":{},"b":{},"_coverageSchema":"1a1c01bbd47fc00a2c39e90264f33305004495a9","hash":"5dcd787a65dbb61e0553fbed42b76fe742278225"}
,"/home/mar.badia/Escritorio/Master/wallapop/backend/src/mongo/models/messageModel.js": {"path":"/home/mar.badia/Escritorio/Master/wallapop/backend/src/mongo/models/messageModel.js","statementMap":{"0":{"start":{"line":1,"column":18},"end":{"line":1,"column":37}},"1":{"start":{"line":2,"column":22},"end":{"line":2,"column":57}},"2":{"start":{"line":4,"column":21},"end":{"line":4,"column":52}},"3":{"start":{"line":6,"column":0},"end":{"line":6,"column":30}}},"fnMap":{},"branchMap":{},"s":{"0":21,"1":21,"2":21,"3":21},"f":{},"b":{},"_coverageSchema":"1a1c01bbd47fc00a2c39e90264f33305004495a9","hash":"a5cc2c7e872d14b6197b4fc46c7348f09c5fe32c"}
,"/home/mar.badia/Escritorio/Master/wallapop/backend/src/mongo/models/productModel.js": {"path":"/home/mar.badia/Escritorio/Master/wallapop/backend/src/mongo/models/productModel.js","statementMap":{"0":{"start":{"line":1,"column":18},"end":{"line":1,"column":37}},"1":{"start":{"line":2,"column":22},"end":{"line":2,"column":57}},"2":{"start":{"line":4,"column":21},"end":{"line":4,"column":52}},"3":{"start":{"line":6,"column":0},"end":{"line":6,"column":30}}},"fnMap":{},"branchMap":{},"s":{"0":21,"1":21,"2":21,"3":21},"f":{},"b":{},"_coverageSchema":"1a1c01bbd47fc00a2c39e90264f33305004495a9","hash":"5e74aafbec18ceb229139b6dd344ea9dd544a1b6"}
,"/home/mar.badia/Escritorio/Master/wallapop/backend/src/mongo/models/transactionModel.js": {"path":"/home/mar.badia/Escritorio/Master/wallapop/backend/src/mongo/models/transactionModel.js","statementMap":{"0":{"start":{"line":1,"column":18},"end":{"line":1,"column":37}},"1":{"start":{"line":2,"column":26},"end":{"line":2,"column":65}},"2":{"start":{"line":5,"column":25},"end":{"line":5,"column":64}},"3":{"start":{"line":7,"column":0},"end":{"line":7,"column":34}}},"fnMap":{},"branchMap":{},"s":{"0":21,"1":21,"2":21,"3":21},"f":{},"b":{},"_coverageSchema":"1a1c01bbd47fc00a2c39e90264f33305004495a9","hash":"8ce46d2c7e09aeb7a5486469980111dd0d88cc8e"}
,"/home/mar.badia/Escritorio/Master/wallapop/backend/src/mongo/models/userModel.js": {"path":"/home/mar.badia/Escritorio/Master/wallapop/backend/src/mongo/models/userModel.js","statementMap":{"0":{"start":{"line":1,"column":18},"end":{"line":1,"column":37}},"1":{"start":{"line":2,"column":15},"end":{"line":2,"column":32}},"2":{"start":{"line":3,"column":12},"end":{"line":3,"column":35}},"3":{"start":{"line":4,"column":15},"end":{"line":4,"column":37}},"4":{"start":{"line":5,"column":19},"end":{"line":5,"column":51}},"5":{"start":{"line":7,"column":0},"end":{"line":24,"column":3}},"6":{"start":{"line":8,"column":15},"end":{"line":8,"column":19}},"7":{"start":{"line":10,"column":2},"end":{"line":10,"column":50}},"8":{"start":{"line":10,"column":36},"end":{"line":10,"column":50}},"9":{"start":{"line":13,"column":2},"end":{"line":23,"column":5}},"10":{"start":{"line":14,"column":4},"end":{"line":14,"column":30}},"11":{"start":{"line":14,"column":13},"end":{"line":14,"column":30}},"12":{"start":{"line":16,"column":4},"end":{"line":22,"column":7}},"13":{"start":{"line":17,"column":6},"end":{"line":17,"column":32}},"14":{"start":{"line":17,"column":15},"end":{"line":17,"column":32}},"15":{"start":{"line":20,"column":6},"end":{"line":20,"column":27}},"16":{"start":{"line":21,"column":6},"end":{"line":21,"column":13}},"17":{"start":{"line":26,"column":0},"end":{"line":28,"column":2}},"18":{"start":{"line":27,"column":2},"end":{"line":27,"column":53}},"19":{"start":{"line":30,"column":0},"end":{"line":45,"column":2}},"20":{"start":{"line":31,"column":16},"end":{"line":31,"column":26}},"21":{"start":{"line":32,"column":25},"end":{"line":32,"column":35}},"22":{"start":{"line":34,"column":2},"end":{"line":34,"column":47}},"23":{"start":{"line":36,"column":16},"end":{"line":40,"column":3}},"24":{"start":{"line":42,"column":2},"end":{"line":44,"column":5}},"25":{"start":{"line":47,"column":18},"end":{"line":47,"column":43}},"26":{"start":{"line":49,"column":0},"end":{"line":49,"column":27}}},"fnMap":{"0":{"name":"(anonymous_0)","decl":{"start":{"line":7,"column":23},"end":{"line":7,"column":24}},"loc":{"start":{"line":7,"column":39},"end":{"line":24,"column":1}},"line":7},"1":{"name":"(anonymous_1)","decl":{"start":{"line":13,"column":21},"end":{"line":13,"column":22}},"loc":{"start":{"line":13,"column":42},"end":{"line":23,"column":3}},"line":13},"2":{"name":"(anonymous_2)","decl":{"start":{"line":16,"column":37},"end":{"line":16,"column":38}},"loc":{"start":{"line":16,"column":58},"end":{"line":22,"column":5}},"line":16},"3":{"name":"(anonymous_3)","decl":{"start":{"line":26,"column":37},"end":{"line":26,"column":38}},"loc":{"start":{"line":26,"column":57},"end":{"line":28,"column":1}},"line":26},"4":{"name":"(anonymous_4)","decl":{"start":{"line":30,"column":33},"end":{"line":30,"column":34}},"loc":{"start":{"line":30,"column":45},"end":{"line":45,"column":1}},"line":30}},"branchMap":{"0":{"loc":{"start":{"line":10,"column":2},"end":{"line":10,"column":50}},"type":"if","locations":[{"start":{"line":10,"column":2},"end":{"line":10,"column":50}},{"start":{},"end":{}}],"line":10},"1":{"loc":{"start":{"line":14,"column":4},"end":{"line":14,"column":30}},"type":"if","locations":[{"start":{"line":14,"column":4},"end":{"line":14,"column":30}},{"start":{},"end":{}}],"line":14},"2":{"loc":{"start":{"line":17,"column":6},"end":{"line":17,"column":32}},"type":"if","locations":[{"start":{"line":17,"column":6},"end":{"line":17,"column":32}},{"start":{},"end":{}}],"line":17}},"s":{"0":21,"1":21,"2":21,"3":21,"4":21,"5":21,"6":30,"7":30,"8":0,"9":30,"10":30,"11":0,"12":30,"13":30,"14":0,"15":30,"16":30,"17":21,"18":3,"19":21,"20":4,"21":4,"22":4,"23":4,"24":4,"25":21,"26":21},"f":{"0":30,"1":30,"2":30,"3":3,"4":4},"b":{"0":[0,30],"1":[0,30],"2":[0,30]},"_coverageSchema":"1a1c01bbd47fc00a2c39e90264f33305004495a9","hash":"1d780dbd7541534e8059a3b7d0a5642c1297e994"}
,"/home/mar.badia/Escritorio/Master/wallapop/backend/src/mongo/routers/categoryRouter.js": {"path":"/home/mar.badia/Escritorio/Master/wallapop/backend/src/mongo/routers/categoryRouter.js","statementMap":{"0":{"start":{"line":1,"column":16},"end":{"line":1,"column":34}},"1":{"start":{"line":5,"column":4},"end":{"line":5,"column":48}},"2":{"start":{"line":7,"column":23},"end":{"line":7,"column":39}},"3":{"start":{"line":10,"column":0},"end":{"line":10,"column":42}},"4":{"start":{"line":11,"column":0},"end":{"line":11,"column":39}},"5":{"start":{"line":13,"column":0},"end":{"line":13,"column":32}}},"fnMap":{},"branchMap":{},"s":{"0":21,"1":21,"2":21,"3":21,"4":21,"5":21},"f":{},"b":{},"_coverageSchema":"1a1c01bbd47fc00a2c39e90264f33305004495a9","hash":"87f0cbbcaf0232a2c080a5a174d1e11c6cdddb85"}
,"/home/mar.badia/Escritorio/Master/wallapop/backend/src/mongo/routers/chatroomRouter.js": {"path":"/home/mar.badia/Escritorio/Master/wallapop/backend/src/mongo/routers/chatroomRouter.js","statementMap":{"0":{"start":{"line":1,"column":16},"end":{"line":1,"column":34}},"1":{"start":{"line":2,"column":26},"end":{"line":2,"column":65}},"2":{"start":{"line":9,"column":4},"end":{"line":9,"column":48}},"3":{"start":{"line":11,"column":23},"end":{"line":11,"column":39}},"4":{"start":{"line":13,"column":0},"end":{"line":13,"column":37}},"5":{"start":{"line":14,"column":0},"end":{"line":14,"column":44}},"6":{"start":{"line":15,"column":0},"end":{"line":15,"column":78}},"7":{"start":{"line":16,"column":0},"end":{"line":16,"column":39}},"8":{"start":{"line":17,"column":0},"end":{"line":17,"column":50}},"9":{"start":{"line":19,"column":0},"end":{"line":19,"column":32}}},"fnMap":{},"branchMap":{},"s":{"0":21,"1":21,"2":21,"3":21,"4":21,"5":21,"6":21,"7":21,"8":21,"9":21},"f":{},"b":{},"_coverageSchema":"1a1c01bbd47fc00a2c39e90264f33305004495a9","hash":"1f5e0858074e8a04dea3956fd1bb39eaeaa62b96"}
,"/home/mar.badia/Escritorio/Master/wallapop/backend/src/mongo/routers/favoriteRouter.js": {"path":"/home/mar.badia/Escritorio/Master/wallapop/backend/src/mongo/routers/favoriteRouter.js","statementMap":{"0":{"start":{"line":1,"column":16},"end":{"line":1,"column":34}},"1":{"start":{"line":4,"column":4},"end":{"line":4,"column":48}},"2":{"start":{"line":6,"column":23},"end":{"line":6,"column":39}},"3":{"start":{"line":8,"column":0},"end":{"line":8,"column":49}},"4":{"start":{"line":9,"column":0},"end":{"line":9,"column":40}},"5":{"start":{"line":10,"column":0},"end":{"line":10,"column":53}},"6":{"start":{"line":11,"column":0},"end":{"line":11,"column":41}},"7":{"start":{"line":17,"column":0},"end":{"line":17,"column":32}}},"fnMap":{},"branchMap":{},"s":{"0":21,"1":21,"2":21,"3":21,"4":21,"5":21,"6":21,"7":21},"f":{},"b":{},"_coverageSchema":"1a1c01bbd47fc00a2c39e90264f33305004495a9","hash":"2ef1d97028bcf47b7009b1fc0f649c3b75236552"}
,"/home/mar.badia/Escritorio/Master/wallapop/backend/src/mongo/routers/messageRouter.js": {"path":"/home/mar.badia/Escritorio/Master/wallapop/backend/src/mongo/routers/messageRouter.js","statementMap":{"0":{"start":{"line":1,"column":16},"end":{"line":1,"column":34}},"1":{"start":{"line":7,"column":4},"end":{"line":7,"column":47}},"2":{"start":{"line":8,"column":26},"end":{"line":8,"column":65}},"3":{"start":{"line":10,"column":22},"end":{"line":10,"column":38}},"4":{"start":{"line":12,"column":0},"end":{"line":12,"column":69}},"5":{"start":{"line":13,"column":0},"end":{"line":13,"column":73}},"6":{"start":{"line":14,"column":0},"end":{"line":14,"column":52}},"7":{"start":{"line":15,"column":0},"end":{"line":15,"column":61}},"8":{"start":{"line":17,"column":0},"end":{"line":17,"column":31}}},"fnMap":{},"branchMap":{},"s":{"0":21,"1":21,"2":21,"3":21,"4":21,"5":21,"6":21,"7":21,"8":21},"f":{},"b":{},"_coverageSchema":"1a1c01bbd47fc00a2c39e90264f33305004495a9","hash":"9a59a667428afa90098d935a3369ea810b69affc"}
,"/home/mar.badia/Escritorio/Master/wallapop/backend/src/mongo/routers/productRouter.js": {"path":"/home/mar.badia/Escritorio/Master/wallapop/backend/src/mongo/routers/productRouter.js","statementMap":{"0":{"start":{"line":1,"column":16},"end":{"line":1,"column":34}},"1":{"start":{"line":14,"column":4},"end":{"line":14,"column":47}},"2":{"start":{"line":16,"column":22},"end":{"line":16,"column":38}},"3":{"start":{"line":18,"column":0},"end":{"line":18,"column":39}},"4":{"start":{"line":19,"column":0},"end":{"line":19,"column":41}},"5":{"start":{"line":20,"column":0},"end":{"line":20,"column":42}},"6":{"start":{"line":21,"column":0},"end":{"line":21,"column":56}},"7":{"start":{"line":22,"column":0},"end":{"line":22,"column":60}},"8":{"start":{"line":23,"column":0},"end":{"line":23,"column":55}},"9":{"start":{"line":24,"column":0},"end":{"line":24,"column":63}},"10":{"start":{"line":25,"column":0},"end":{"line":25,"column":63}},"11":{"start":{"line":26,"column":0},"end":{"line":26,"column":53}},"12":{"start":{"line":27,"column":0},"end":{"line":27,"column":47}},"13":{"start":{"line":28,"column":0},"end":{"line":28,"column":48}},"14":{"start":{"line":30,"column":0},"end":{"line":30,"column":31}}},"fnMap":{},"branchMap":{},"s":{"0":21,"1":21,"2":21,"3":21,"4":21,"5":21,"6":21,"7":21,"8":21,"9":21,"10":21,"11":21,"12":21,"13":21,"14":21},"f":{},"b":{},"_coverageSchema":"1a1c01bbd47fc00a2c39e90264f33305004495a9","hash":"eb5fb4166c83feb35190f5e6d3b0845902456fab"}
,"/home/mar.badia/Escritorio/Master/wallapop/backend/src/mongo/routers/transactionRouter.js": {"path":"/home/mar.badia/Escritorio/Master/wallapop/backend/src/mongo/routers/transactionRouter.js","statementMap":{"0":{"start":{"line":1,"column":16},"end":{"line":1,"column":34}},"1":{"start":{"line":6,"column":4},"end":{"line":6,"column":51}},"2":{"start":{"line":8,"column":26},"end":{"line":8,"column":42}},"3":{"start":{"line":11,"column":0},"end":{"line":11,"column":65}},"4":{"start":{"line":12,"column":0},"end":{"line":12,"column":73}},"5":{"start":{"line":14,"column":0},"end":{"line":14,"column":35}}},"fnMap":{},"branchMap":{},"s":{"0":21,"1":21,"2":21,"3":21,"4":21,"5":21},"f":{},"b":{},"_coverageSchema":"1a1c01bbd47fc00a2c39e90264f33305004495a9","hash":"ea13b20b2583c61f5070c07e3a3ecad122cbb82c"}
,"/home/mar.badia/Escritorio/Master/wallapop/backend/src/mongo/routers/userRouter.js": {"path":"/home/mar.badia/Escritorio/Master/wallapop/backend/src/mongo/routers/userRouter.js","statementMap":{"0":{"start":{"line":1,"column":16},"end":{"line":1,"column":34}},"1":{"start":{"line":2,"column":24},"end":{"line":2,"column":63}},"2":{"start":{"line":3,"column":19},"end":{"line":3,"column":35}},"3":{"start":{"line":10,"column":4},"end":{"line":10,"column":44}},"4":{"start":{"line":11,"column":29},"end":{"line":11,"column":72}},"5":{"start":{"line":20,"column":0},"end":{"line":20,"column":43}},"6":{"start":{"line":22,"column":0},"end":{"line":22,"column":37}},"7":{"start":{"line":24,"column":0},"end":{"line":24,"column":37}},"8":{"start":{"line":26,"column":0},"end":{"line":26,"column":59}},"9":{"start":{"line":28,"column":0},"end":{"line":28,"column":55}},"10":{"start":{"line":30,"column":0},"end":{"line":30,"column":56}},"11":{"start":{"line":32,"column":0},"end":{"line":32,"column":28}}},"fnMap":{},"branchMap":{},"s":{"0":21,"1":21,"2":21,"3":21,"4":21,"5":21,"6":21,"7":21,"8":21,"9":21,"10":21,"11":21},"f":{},"b":{},"_coverageSchema":"1a1c01bbd47fc00a2c39e90264f33305004495a9","hash":"955d918e73013c18f0651af4c2deae66830059eb"}
,"/home/mar.badia/Escritorio/Master/wallapop/backend/src/mongo/schemas/categorySchema.js": {"path":"/home/mar.badia/Escritorio/Master/wallapop/backend/src/mongo/schemas/categorySchema.js","statementMap":{"0":{"start":{"line":1,"column":19},"end":{"line":1,"column":38}},"1":{"start":{"line":4,"column":23},"end":{"line":8,"column":2}},"2":{"start":{"line":10,"column":0},"end":{"line":10,"column":32}}},"fnMap":{},"branchMap":{},"s":{"0":21,"1":21,"2":21},"f":{},"b":{},"_coverageSchema":"1a1c01bbd47fc00a2c39e90264f33305004495a9","hash":"2ff8a70ec12d6914f75f5508367dc4c3e22d4eb0"}
,"/home/mar.badia/Escritorio/Master/wallapop/backend/src/mongo/schemas/chatroomSchema.js": {"path":"/home/mar.badia/Escritorio/Master/wallapop/backend/src/mongo/schemas/chatroomSchema.js","statementMap":{"0":{"start":{"line":1,"column":31},"end":{"line":1,"column":50}},"1":{"start":{"line":3,"column":23},"end":{"line":19,"column":2}},"2":{"start":{"line":21,"column":0},"end":{"line":21,"column":32}}},"fnMap":{},"branchMap":{},"s":{"0":21,"1":21,"2":21},"f":{},"b":{},"_coverageSchema":"1a1c01bbd47fc00a2c39e90264f33305004495a9","hash":"db996c1fe71bc6d8f6c1ebe95602c94eb5ff2426"}
,"/home/mar.badia/Escritorio/Master/wallapop/backend/src/mongo/schemas/favoriteSchema.js": {"path":"/home/mar.badia/Escritorio/Master/wallapop/backend/src/mongo/schemas/favoriteSchema.js","statementMap":{"0":{"start":{"line":1,"column":19},"end":{"line":1,"column":38}},"1":{"start":{"line":6,"column":23},"end":{"line":15,"column":2}},"2":{"start":{"line":17,"column":0},"end":{"line":17,"column":32}}},"fnMap":{},"branchMap":{},"s":{"0":21,"1":21,"2":21},"f":{},"b":{},"_coverageSchema":"1a1c01bbd47fc00a2c39e90264f33305004495a9","hash":"377419ab6cc1bf4580ae066dc06008e2667f7413"}
,"/home/mar.badia/Escritorio/Master/wallapop/backend/src/mongo/schemas/messageSchema.js": {"path":"/home/mar.badia/Escritorio/Master/wallapop/backend/src/mongo/schemas/messageSchema.js","statementMap":{"0":{"start":{"line":1,"column":19},"end":{"line":1,"column":38}},"1":{"start":{"line":3,"column":22},"end":{"line":19,"column":2}},"2":{"start":{"line":21,"column":0},"end":{"line":21,"column":31}}},"fnMap":{},"branchMap":{},"s":{"0":21,"1":21,"2":21},"f":{},"b":{},"_coverageSchema":"1a1c01bbd47fc00a2c39e90264f33305004495a9","hash":"a8a04504aeee08926979fb2cffbcee5e717b41a4"}
,"/home/mar.badia/Escritorio/Master/wallapop/backend/src/mongo/schemas/productSchema.js": {"path":"/home/mar.badia/Escritorio/Master/wallapop/backend/src/mongo/schemas/productSchema.js","statementMap":{"0":{"start":{"line":1,"column":19},"end":{"line":1,"column":38}},"1":{"start":{"line":3,"column":22},"end":{"line":47,"column":2}},"2":{"start":{"line":49,"column":0},"end":{"line":49,"column":31}}},"fnMap":{},"branchMap":{},"s":{"0":21,"1":21,"2":21},"f":{},"b":{},"_coverageSchema":"1a1c01bbd47fc00a2c39e90264f33305004495a9","hash":"06a04465cea108927a5a9106952abd43b2ad1ee9"}
,"/home/mar.badia/Escritorio/Master/wallapop/backend/src/mongo/schemas/transactionSchema.js": {"path":"/home/mar.badia/Escritorio/Master/wallapop/backend/src/mongo/schemas/transactionSchema.js","statementMap":{"0":{"start":{"line":1,"column":19},"end":{"line":1,"column":38}},"1":{"start":{"line":4,"column":26},"end":{"line":34,"column":2}},"2":{"start":{"line":36,"column":0},"end":{"line":36,"column":35}}},"fnMap":{},"branchMap":{},"s":{"0":21,"1":21,"2":21},"f":{},"b":{},"_coverageSchema":"1a1c01bbd47fc00a2c39e90264f33305004495a9","hash":"82ebcb96fd54e96987d3dc996509afd8509d07d7"}
,"/home/mar.badia/Escritorio/Master/wallapop/backend/src/mongo/schemas/userSchema.js": {"path":"/home/mar.badia/Escritorio/Master/wallapop/backend/src/mongo/schemas/userSchema.js","statementMap":{"0":{"start":{"line":1,"column":19},"end":{"line":1,"column":38}},"1":{"start":{"line":3,"column":19},"end":{"line":13,"column":2}},"2":{"start":{"line":15,"column":0},"end":{"line":15,"column":28}}},"fnMap":{},"branchMap":{},"s":{"0":21,"1":21,"2":21},"f":{},"b":{},"_coverageSchema":"1a1c01bbd47fc00a2c39e90264f33305004495a9","hash":"4756fa5bda6bae71cdc3dc3bb8a7f2002a9d40f5"}
,"/home/mar.badia/Escritorio/Master/wallapop/backend/src/security/jwtMiddleware.js": {"path":"/home/mar.badia/Escritorio/Master/wallapop/backend/src/security/jwtMiddleware.js","statementMap":{"0":{"start":{"line":1,"column":12},"end":{"line":1,"column":35}},"1":{"start":{"line":2,"column":18},"end":{"line":2,"column":40}},"2":{"start":{"line":4,"column":22},"end":{"line":30,"column":1}},"3":{"start":{"line":7,"column":21},"end":{"line":7,"column":49}},"4":{"start":{"line":8,"column":2},"end":{"line":9,"column":74}},"5":{"start":{"line":9,"column":4},"end":{"line":9,"column":74}},"6":{"start":{"line":10,"column":16},"end":{"line":10,"column":40}},"7":{"start":{"line":12,"column":2},"end":{"line":13,"column":77}},"8":{"start":{"line":13,"column":4},"end":{"line":13,"column":77}},"9":{"start":{"line":17,"column":2},"end":{"line":25,"column":3}},"10":{"start":{"line":20,"column":4},"end":{"line":20,"column":48}},"11":{"start":{"line":24,"column":4},"end":{"line":24,"column":59}},"12":{"start":{"line":28,"column":2},"end":{"line":28,"column":32}},"13":{"start":{"line":29,"column":2},"end":{"line":29,"column":9}},"14":{"start":{"line":32,"column":20},"end":{"line":34,"column":1}},"15":{"start":{"line":33,"column":2},"end":{"line":33,"column":41}},"16":{"start":{"line":36,"column":0},"end":{"line":36,"column":48}}},"fnMap":{"0":{"name":"(anonymous_0)","decl":{"start":{"line":4,"column":22},"end":{"line":4,"column":23}},"loc":{"start":{"line":4,"column":42},"end":{"line":30,"column":1}},"line":4},"1":{"name":"(anonymous_1)","decl":{"start":{"line":32,"column":20},"end":{"line":32,"column":21}},"loc":{"start":{"line":32,"column":41},"end":{"line":34,"column":1}},"line":32}},"branchMap":{"0":{"loc":{"start":{"line":8,"column":2},"end":{"line":9,"column":74}},"type":"if","locations":[{"start":{"line":8,"column":2},"end":{"line":9,"column":74}},{"start":{},"end":{}}],"line":8},"1":{"loc":{"start":{"line":12,"column":2},"end":{"line":13,"column":77}},"type":"if","locations":[{"start":{"line":12,"column":2},"end":{"line":13,"column":77}},{"start":{},"end":{}}],"line":12}},"s":{"0":21,"1":21,"2":21,"3":31,"4":31,"5":7,"6":24,"7":24,"8":0,"9":24,"10":24,"11":0,"12":24,"13":24,"14":21,"15":0,"16":21},"f":{"0":31,"1":0},"b":{"0":[7,24],"1":[0,24]},"_coverageSchema":"1a1c01bbd47fc00a2c39e90264f33305004495a9","hash":"95c1f619ed36e9270466910f91a43aed107e0c37"}
,"/home/mar.badia/Escritorio/Master/wallapop/backend/tests/connection.js": {"path":"/home/mar.badia/Escritorio/Master/wallapop/backend/tests/connection.js","statementMap":{"0":{"start":{"line":1,"column":17},"end":{"line":1,"column":36}},"1":{"start":{"line":2,"column":30},"end":{"line":2,"column":62}},"2":{"start":{"line":3,"column":24},"end":{"line":3,"column":42}},"3":{"start":{"line":7,"column":0},"end":{"line":20,"column":2}},"4":{"start":{"line":8,"column":2},"end":{"line":8,"column":37}},"5":{"start":{"line":9,"column":2},"end":{"line":19,"column":3}},"6":{"start":{"line":10,"column":19},"end":{"line":10,"column":51}},"7":{"start":{"line":11,"column":16},"end":{"line":11,"column":31}},"8":{"start":{"line":12,"column":4},"end":{"line":12,"column":32}},"9":{"start":{"line":14,"column":4},"end":{"line":14,"column":32}},"10":{"start":{"line":18,"column":4},"end":{"line":18,"column":19}},"11":{"start":{"line":22,"column":0},"end":{"line":31,"column":2}},"12":{"start":{"line":23,"column":2},"end":{"line":30,"column":3}},"13":{"start":{"line":24,"column":4},"end":{"line":24,"column":38}},"14":{"start":{"line":25,"column":4},"end":{"line":27,"column":5}},"15":{"start":{"line":26,"column":6},"end":{"line":26,"column":27}},"16":{"start":{"line":29,"column":4},"end":{"line":29,"column":21}}},"fnMap":{"0":{"name":"(anonymous_0)","decl":{"start":{"line":7,"column":24},"end":{"line":7,"column":25}},"loc":{"start":{"line":7,"column":36},"end":{"line":20,"column":1}},"line":7},"1":{"name":"(anonymous_1)","decl":{"start":{"line":22,"column":27},"end":{"line":22,"column":28}},"loc":{"start":{"line":22,"column":39},"end":{"line":31,"column":1}},"line":22}},"branchMap":{"0":{"loc":{"start":{"line":25,"column":4},"end":{"line":27,"column":5}},"type":"if","locations":[{"start":{"line":25,"column":4},"end":{"line":27,"column":5}},{"start":{},"end":{}}],"line":25}},"s":{"0":21,"1":21,"2":21,"3":21,"4":21,"5":21,"6":21,"7":21,"8":21,"9":21,"10":0,"11":21,"12":21,"13":21,"14":0,"15":0,"16":0},"f":{"0":21,"1":21},"b":{"0":[0,0]},"_coverageSchema":"1a1c01bbd47fc00a2c39e90264f33305004495a9","hash":"81b3c1f597dd813f25464f9af09f78b99642f391"}
,"/home/mar.badia/Escritorio/Master/wallapop/backend/tests/fixtures/categories.data.js": {"path":"/home/mar.badia/Escritorio/Master/wallapop/backend/tests/fixtures/categories.data.js","statementMap":{"0":{"start":{"line":1,"column":19},"end":{"line":22,"column":1}},"1":{"start":{"line":24,"column":24},"end":{"line":24,"column":71}},"2":{"start":{"line":26,"column":0},"end":{"line":32,"column":2}},"3":{"start":{"line":29,"column":20},"end":{"line":29,"column":79}},"4":{"start":{"line":29,"column":49},"end":{"line":29,"column":78}},"5":{"start":{"line":31,"column":2},"end":{"line":31,"column":45}}},"fnMap":{"0":{"name":"(anonymous_0)","decl":{"start":{"line":26,"column":25},"end":{"line":26,"column":26}},"loc":{"start":{"line":26,"column":31},"end":{"line":32,"column":1}},"line":26},"1":{"name":"(anonymous_1)","decl":{"start":{"line":29,"column":35},"end":{"line":29,"column":36}},"loc":{"start":{"line":29,"column":49},"end":{"line":29,"column":78}},"line":29}},"branchMap":{},"s":{"0":2,"1":2,"2":2,"3":2,"4":8,"5":2},"f":{"0":2,"1":8},"b":{},"_coverageSchema":"1a1c01bbd47fc00a2c39e90264f33305004495a9","hash":"d42d6a41565e4eee1abd3bf143315fc60dd43130"}
,"/home/mar.badia/Escritorio/Master/wallapop/backend/tests/fixtures/chatRoom.data.js": {"path":"/home/mar.badia/Escritorio/Master/wallapop/backend/tests/fixtures/chatRoom.data.js","statementMap":{"0":{"start":{"line":1,"column":22},"end":{"line":1,"column":69}},"1":{"start":{"line":3,"column":18},"end":{"line":16,"column":1}},"2":{"start":{"line":18,"column":0},"end":{"line":21,"column":2}},"3":{"start":{"line":19,"column":20},"end":{"line":19,"column":76}},"4":{"start":{"line":19,"column":48},"end":{"line":19,"column":75}},"5":{"start":{"line":20,"column":2},"end":{"line":20,"column":43}}},"fnMap":{"0":{"name":"(anonymous_0)","decl":{"start":{"line":18,"column":23},"end":{"line":18,"column":24}},"loc":{"start":{"line":18,"column":29},"end":{"line":21,"column":1}},"line":18},"1":{"name":"(anonymous_1)","decl":{"start":{"line":19,"column":34},"end":{"line":19,"column":35}},"loc":{"start":{"line":19,"column":48},"end":{"line":19,"column":75}},"line":19}},"branchMap":{},"s":{"0":7,"1":7,"2":7,"3":7,"4":14,"5":7},"f":{"0":7,"1":14},"b":{},"_coverageSchema":"1a1c01bbd47fc00a2c39e90264f33305004495a9","hash":"07dc08a95926a7be5fa5e5d238a72cd074c6281a"}
,"/home/mar.badia/Escritorio/Master/wallapop/backend/tests/fixtures/favorites.data.js": {"path":"/home/mar.badia/Escritorio/Master/wallapop/backend/tests/fixtures/favorites.data.js","statementMap":{"0":{"start":{"line":1,"column":18},"end":{"line":12,"column":1}},"1":{"start":{"line":14,"column":22},"end":{"line":14,"column":69}},"2":{"start":{"line":16,"column":0},"end":{"line":19,"column":2}},"3":{"start":{"line":17,"column":20},"end":{"line":17,"column":74}},"4":{"start":{"line":17,"column":47},"end":{"line":17,"column":73}},"5":{"start":{"line":18,"column":2},"end":{"line":18,"column":43}}},"fnMap":{"0":{"name":"(anonymous_0)","decl":{"start":{"line":16,"column":18},"end":{"line":16,"column":19}},"loc":{"start":{"line":16,"column":24},"end":{"line":19,"column":1}},"line":16},"1":{"name":"(anonymous_1)","decl":{"start":{"line":17,"column":34},"end":{"line":17,"column":35}},"loc":{"start":{"line":17,"column":47},"end":{"line":17,"column":73}},"line":17}},"branchMap":{},"s":{"0":3,"1":3,"2":3,"3":2,"4":4,"5":2},"f":{"0":2,"1":4},"b":{},"_coverageSchema":"1a1c01bbd47fc00a2c39e90264f33305004495a9","hash":"0f656a878c78c12bf12fc909c76752add62c110f"}
,"/home/mar.badia/Escritorio/Master/wallapop/backend/tests/fixtures/messages.data.js": {"path":"/home/mar.badia/Escritorio/Master/wallapop/backend/tests/fixtures/messages.data.js","statementMap":{"0":{"start":{"line":1,"column":21},"end":{"line":1,"column":67}},"1":{"start":{"line":3,"column":17},"end":{"line":28,"column":1}},"2":{"start":{"line":30,"column":0},"end":{"line":33,"column":2}},"3":{"start":{"line":31,"column":20},"end":{"line":31,"column":72}},"4":{"start":{"line":31,"column":46},"end":{"line":31,"column":71}},"5":{"start":{"line":32,"column":2},"end":{"line":32,"column":42}}},"fnMap":{"0":{"name":"(anonymous_0)","decl":{"start":{"line":30,"column":23},"end":{"line":30,"column":24}},"loc":{"start":{"line":30,"column":29},"end":{"line":33,"column":1}},"line":30},"1":{"name":"(anonymous_1)","decl":{"start":{"line":31,"column":33},"end":{"line":31,"column":34}},"loc":{"start":{"line":31,"column":46},"end":{"line":31,"column":71}},"line":31}},"branchMap":{},"s":{"0":7,"1":7,"2":7,"3":7,"4":21,"5":7},"f":{"0":7,"1":21},"b":{},"_coverageSchema":"1a1c01bbd47fc00a2c39e90264f33305004495a9","hash":"bb00f91416ac4d283fbe29a2eb23ce446be447ed"}
,"/home/mar.badia/Escritorio/Master/wallapop/backend/tests/fixtures/products.data.js": {"path":"/home/mar.badia/Escritorio/Master/wallapop/backend/tests/fixtures/products.data.js","statementMap":{"0":{"start":{"line":1,"column":17},"end":{"line":91,"column":1}},"1":{"start":{"line":93,"column":21},"end":{"line":93,"column":67}},"2":{"start":{"line":95,"column":0},"end":{"line":98,"column":2}},"3":{"start":{"line":96,"column":20},"end":{"line":96,"column":72}},"4":{"start":{"line":96,"column":46},"end":{"line":96,"column":71}},"5":{"start":{"line":97,"column":2},"end":{"line":97,"column":42}}},"fnMap":{"0":{"name":"(anonymous_0)","decl":{"start":{"line":95,"column":23},"end":{"line":95,"column":24}},"loc":{"start":{"line":95,"column":29},"end":{"line":98,"column":1}},"line":95},"1":{"name":"(anonymous_1)","decl":{"start":{"line":96,"column":33},"end":{"line":96,"column":34}},"loc":{"start":{"line":96,"column":46},"end":{"line":96,"column":71}},"line":96}},"branchMap":{},"s":{"0":14,"1":14,"2":14,"3":13,"4":65,"5":13},"f":{"0":13,"1":65},"b":{},"_coverageSchema":"1a1c01bbd47fc00a2c39e90264f33305004495a9","hash":"0d80c8561742b1f82c7c059f58acf8a37939dbbe"}
,"/home/mar.badia/Escritorio/Master/wallapop/backend/tests/fixtures/transaction.data.js": {"path":"/home/mar.badia/Escritorio/Master/wallapop/backend/tests/fixtures/transaction.data.js","statementMap":{"0":{"start":{"line":1,"column":25},"end":{"line":1,"column":75}},"1":{"start":{"line":3,"column":21},"end":{"line":28,"column":1}},"2":{"start":{"line":30,"column":0},"end":{"line":35,"column":2}},"3":{"start":{"line":31,"column":20},"end":{"line":33,"column":3}},"4":{"start":{"line":32,"column":21},"end":{"line":32,"column":54}},"5":{"start":{"line":34,"column":2},"end":{"line":34,"column":46}}},"fnMap":{"0":{"name":"(anonymous_0)","decl":{"start":{"line":30,"column":26},"end":{"line":30,"column":27}},"loc":{"start":{"line":30,"column":32},"end":{"line":35,"column":1}},"line":30},"1":{"name":"(anonymous_1)","decl":{"start":{"line":32,"column":4},"end":{"line":32,"column":5}},"loc":{"start":{"line":32,"column":21},"end":{"line":32,"column":54}},"line":32}},"branchMap":{},"s":{"0":2,"1":2,"2":2,"3":2,"4":6,"5":2},"f":{"0":2,"1":6},"b":{},"_coverageSchema":"1a1c01bbd47fc00a2c39e90264f33305004495a9","hash":"e89e5db3bc9c08a6bfc341cbaa4cd76d3b81da3b"}
,"/home/mar.badia/Escritorio/Master/wallapop/backend/tests/fixtures/users.data.js": {"path":"/home/mar.badia/Escritorio/Master/wallapop/backend/tests/fixtures/users.data.js","statementMap":{"0":{"start":{"line":1,"column":14},"end":{"line":48,"column":1}},"1":{"start":{"line":50,"column":18},"end":{"line":50,"column":61}},"2":{"start":{"line":52,"column":0},"end":{"line":55,"column":2}},"3":{"start":{"line":53,"column":20},"end":{"line":53,"column":60}},"4":{"start":{"line":53,"column":40},"end":{"line":53,"column":59}},"5":{"start":{"line":54,"column":2},"end":{"line":54,"column":39}}},"fnMap":{"0":{"name":"(anonymous_0)","decl":{"start":{"line":52,"column":19},"end":{"line":52,"column":20}},"loc":{"start":{"line":52,"column":25},"end":{"line":55,"column":1}},"line":52},"1":{"name":"(anonymous_1)","decl":{"start":{"line":53,"column":30},"end":{"line":53,"column":31}},"loc":{"start":{"line":53,"column":40},"end":{"line":53,"column":59}},"line":53}},"branchMap":{},"s":{"0":7,"1":7,"2":7,"3":7,"4":28,"5":7},"f":{"0":7,"1":28},"b":{},"_coverageSchema":"1a1c01bbd47fc00a2c39e90264f33305004495a9","hash":"78dfe630b18efb9f217e9fcca1ee5db60563b26a"}
}
