{"/home/mar.badia/Escritorio/Master/wallapop/backend/src/app.js": {"path":"/home/mar.badia/Escritorio/Master/wallapop/backend/src/app.js","statementMap":{"0":{"start":{"line":1,"column":15},"end":{"line":1,"column":32}},"1":{"start":{"line":2,"column":0},"end":{"line":2,"column":16}},"2":{"start":{"line":3,"column":16},"end":{"line":3,"column":34}},"3":{"start":{"line":4,"column":13},"end":{"line":4,"column":28}},"4":{"start":{"line":5,"column":22},"end":{"line":5,"column":62}},"5":{"start":{"line":6,"column":19},"end":{"line":6,"column":56}},"6":{"start":{"line":7,"column":23},"end":{"line":7,"column":64}},"7":{"start":{"line":8,"column":22},"end":{"line":8,"column":51}},"8":{"start":{"line":10,"column":12},"end":{"line":10,"column":21}},"9":{"start":{"line":12,"column":0},"end":{"line":12,"column":16}},"10":{"start":{"line":13,"column":0},"end":{"line":13,"column":24}},"11":{"start":{"line":14,"column":0},"end":{"line":14,"column":29}},"12":{"start":{"line":15,"column":0},"end":{"line":15,"column":36}},"13":{"start":{"line":16,"column":0},"end":{"line":16,"column":37}},"14":{"start":{"line":18,"column":0},"end":{"line":18,"column":62}},"15":{"start":{"line":18,"column":23},"end":{"line":18,"column":60}},"16":{"start":{"line":25,"column":0},"end":{"line":25,"column":21}}},"fnMap":{"0":{"name":"(anonymous_0)","decl":{"start":{"line":18,"column":17},"end":{"line":18,"column":18}},"loc":{"start":{"line":18,"column":23},"end":{"line":18,"column":60}},"line":18}},"branchMap":{},"s":{"0":1,"1":1,"2":1,"3":1,"4":1,"5":1,"6":1,"7":1,"8":1,"9":1,"10":1,"11":1,"12":1,"13":1,"14":1,"15":1,"16":1},"f":{"0":1},"b":{},"_coverageSchema":"1a1c01bbd47fc00a2c39e90264f33305004495a9","hash":"197bf3c47e0597a4727e68a7950a64a384c8e425"}
,"/home/mar.badia/Escritorio/Master/wallapop/backend/src/mongo/connection/index.js": {"path":"/home/mar.badia/Escritorio/Master/wallapop/backend/src/mongo/connection/index.js","statementMap":{"0":{"start":{"line":1,"column":17},"end":{"line":1,"column":36}},"1":{"start":{"line":3,"column":0},"end":{"line":3,"column":45}},"2":{"start":{"line":6,"column":2},"end":{"line":6,"column":93}},"3":{"start":{"line":9,"column":0},"end":{"line":20,"column":2}},"4":{"start":{"line":10,"column":2},"end":{"line":10,"column":37}},"5":{"start":{"line":12,"column":2},"end":{"line":19,"column":3}},"6":{"start":{"line":13,"column":4},"end":{"line":13,"column":34}},"7":{"start":{"line":15,"column":18},"end":{"line":15,"column":37}},"8":{"start":{"line":16,"column":4},"end":{"line":16,"column":55}},"9":{"start":{"line":16,"column":33},"end":{"line":16,"column":53}},"10":{"start":{"line":18,"column":4},"end":{"line":18,"column":19}},"11":{"start":{"line":22,"column":0},"end":{"line":31,"column":2}},"12":{"start":{"line":23,"column":2},"end":{"line":30,"column":3}},"13":{"start":{"line":24,"column":4},"end":{"line":24,"column":38}},"14":{"start":{"line":25,"column":4},"end":{"line":27,"column":5}},"15":{"start":{"line":26,"column":6},"end":{"line":26,"column":27}},"16":{"start":{"line":29,"column":4},"end":{"line":29,"column":21}}},"fnMap":{"0":{"name":"(anonymous_0)","decl":{"start":{"line":9,"column":20},"end":{"line":9,"column":21}},"loc":{"start":{"line":9,"column":32},"end":{"line":20,"column":1}},"line":9},"1":{"name":"(anonymous_1)","decl":{"start":{"line":16,"column":22},"end":{"line":16,"column":23}},"loc":{"start":{"line":16,"column":33},"end":{"line":16,"column":53}},"line":16},"2":{"name":"(anonymous_2)","decl":{"start":{"line":22,"column":23},"end":{"line":22,"column":24}},"loc":{"start":{"line":22,"column":35},"end":{"line":31,"column":1}},"line":22}},"branchMap":{"0":{"loc":{"start":{"line":25,"column":4},"end":{"line":27,"column":5}},"type":"if","locations":[{"start":{"line":25,"column":4},"end":{"line":27,"column":5}},{"start":{},"end":{}}],"line":25}},"s":{"0":1,"1":1,"2":1,"3":1,"4":1,"5":1,"6":1,"7":1,"8":1,"9":0,"10":0,"11":1,"12":1,"13":1,"14":0,"15":0,"16":0},"f":{"0":1,"1":0,"2":1},"b":{"0":[0,0]},"_coverageSchema":"1a1c01bbd47fc00a2c39e90264f33305004495a9","hash":"f031e101c2cb3d8788c6b5f33b7ec84bdf5cf618"}
,"/home/mar.badia/Escritorio/Master/wallapop/backend/src/mongo/controllers/categoryController.js": {"path":"/home/mar.badia/Escritorio/Master/wallapop/backend/src/mongo/controllers/categoryController.js","statementMap":{"0":{"start":{"line":1,"column":16},"end":{"line":1,"column":34}},"1":{"start":{"line":2,"column":22},"end":{"line":2,"column":56}},"2":{"start":{"line":7,"column":25},"end":{"line":14,"column":1}},"3":{"start":{"line":8,"column":2},"end":{"line":13,"column":3}},"4":{"start":{"line":9,"column":26},"end":{"line":9,"column":52}},"5":{"start":{"line":10,"column":4},"end":{"line":10,"column":40}},"6":{"start":{"line":12,"column":4},"end":{"line":12,"column":63}},"7":{"start":{"line":17,"column":21},"end":{"line":36,"column":1}},"8":{"start":{"line":18,"column":26},"end":{"line":18,"column":34}},"9":{"start":{"line":19,"column":2},"end":{"line":21,"column":3}},"10":{"start":{"line":20,"column":4},"end":{"line":20,"column":77}},"11":{"start":{"line":22,"column":2},"end":{"line":35,"column":3}},"12":{"start":{"line":23,"column":21},"end":{"line":23,"column":56}},"13":{"start":{"line":25,"column":4},"end":{"line":32,"column":5}},"14":{"start":{"line":26,"column":6},"end":{"line":26,"column":66}},"15":{"start":{"line":29,"column":18},"end":{"line":29,"column":52}},"16":{"start":{"line":30,"column":21},"end":{"line":30,"column":37}},"17":{"start":{"line":31,"column":6},"end":{"line":31,"column":35}},"18":{"start":{"line":34,"column":4},"end":{"line":34,"column":68}},"19":{"start":{"line":38,"column":0},"end":{"line":41,"column":2}}},"fnMap":{"0":{"name":"(anonymous_0)","decl":{"start":{"line":7,"column":25},"end":{"line":7,"column":26}},"loc":{"start":{"line":7,"column":45},"end":{"line":14,"column":1}},"line":7},"1":{"name":"(anonymous_1)","decl":{"start":{"line":17,"column":21},"end":{"line":17,"column":22}},"loc":{"start":{"line":17,"column":41},"end":{"line":36,"column":1}},"line":17}},"branchMap":{"0":{"loc":{"start":{"line":19,"column":2},"end":{"line":21,"column":3}},"type":"if","locations":[{"start":{"line":19,"column":2},"end":{"line":21,"column":3}},{"start":{},"end":{}}],"line":19},"1":{"loc":{"start":{"line":19,"column":6},"end":{"line":19,"column":21}},"type":"binary-expr","locations":[{"start":{"line":19,"column":6},"end":{"line":19,"column":12}},{"start":{"line":19,"column":16},"end":{"line":19,"column":21}}],"line":19},"2":{"loc":{"start":{"line":25,"column":4},"end":{"line":32,"column":5}},"type":"if","locations":[{"start":{"line":25,"column":4},"end":{"line":32,"column":5}},{"start":{"line":27,"column":11},"end":{"line":32,"column":5}}],"line":25}},"s":{"0":1,"1":1,"2":1,"3":0,"4":0,"5":0,"6":0,"7":1,"8":0,"9":0,"10":0,"11":0,"12":0,"13":0,"14":0,"15":0,"16":0,"17":0,"18":0,"19":1},"f":{"0":0,"1":0},"b":{"0":[0,0],"1":[0,0],"2":[0,0]},"_coverageSchema":"1a1c01bbd47fc00a2c39e90264f33305004495a9","hash":"2396b04c10a7041397ff7ca84f08bcc9aba66e03"}
,"/home/mar.badia/Escritorio/Master/wallapop/backend/src/mongo/controllers/productController.js": {"path":"/home/mar.badia/Escritorio/Master/wallapop/backend/src/mongo/controllers/productController.js","statementMap":{"0":{"start":{"line":1,"column":21},"end":{"line":1,"column":54}},"1":{"start":{"line":2,"column":22},"end":{"line":2,"column":56}},"2":{"start":{"line":4,"column":23},"end":{"line":11,"column":1}},"3":{"start":{"line":5,"column":2},"end":{"line":10,"column":3}},"4":{"start":{"line":6,"column":24},"end":{"line":6,"column":79}},"5":{"start":{"line":7,"column":4},"end":{"line":7,"column":38}},"6":{"start":{"line":9,"column":4},"end":{"line":9,"column":61}},"7":{"start":{"line":13,"column":23},"end":{"line":25,"column":1}},"8":{"start":{"line":14,"column":17},"end":{"line":14,"column":27}},"9":{"start":{"line":15,"column":2},"end":{"line":24,"column":3}},"10":{"start":{"line":16,"column":24},"end":{"line":20,"column":13}},"11":{"start":{"line":21,"column":4},"end":{"line":21,"column":38}},"12":{"start":{"line":23,"column":4},"end":{"line":23,"column":70}},"13":{"start":{"line":27,"column":25},"end":{"line":42,"column":1}},"14":{"start":{"line":29,"column":17},"end":{"line":29,"column":32}},"15":{"start":{"line":30,"column":2},"end":{"line":41,"column":3}},"16":{"start":{"line":31,"column":4},"end":{"line":31,"column":61}},"17":{"start":{"line":31,"column":17},"end":{"line":31,"column":61}},"18":{"start":{"line":32,"column":4},"end":{"line":38,"column":5}},"19":{"start":{"line":33,"column":22},"end":{"line":36,"column":31}},"20":{"start":{"line":37,"column":6},"end":{"line":37,"column":36}},"21":{"start":{"line":40,"column":4},"end":{"line":40,"column":41}},"22":{"start":{"line":45,"column":29},"end":{"line":59,"column":1}},"23":{"start":{"line":46,"column":23},"end":{"line":46,"column":33}},"24":{"start":{"line":47,"column":2},"end":{"line":58,"column":3}},"25":{"start":{"line":48,"column":30},"end":{"line":52,"column":29}},"26":{"start":{"line":53,"column":4},"end":{"line":53,"column":44}},"27":{"start":{"line":54,"column":4},"end":{"line":54,"column":35}},"28":{"start":{"line":56,"column":4},"end":{"line":56,"column":71}},"29":{"start":{"line":57,"column":4},"end":{"line":57,"column":23}},"30":{"start":{"line":62,"column":20},"end":{"line":80,"column":1}},"31":{"start":{"line":63,"column":19},"end":{"line":63,"column":22}},"32":{"start":{"line":64,"column":19},"end":{"line":64,"column":29}},"33":{"start":{"line":65,"column":2},"end":{"line":67,"column":3}},"34":{"start":{"line":66,"column":4},"end":{"line":66,"column":77}},"35":{"start":{"line":68,"column":2},"end":{"line":79,"column":3}},"36":{"start":{"line":69,"column":23},"end":{"line":69,"column":45}},"37":{"start":{"line":70,"column":4},"end":{"line":70,"column":27}},"38":{"start":{"line":71,"column":16},"end":{"line":71,"column":75}},"39":{"start":{"line":72,"column":4},"end":{"line":74,"column":5}},"40":{"start":{"line":73,"column":6},"end":{"line":73,"column":42}},"41":{"start":{"line":75,"column":4},"end":{"line":75,"column":28}},"42":{"start":{"line":76,"column":4},"end":{"line":76,"column":37}},"43":{"start":{"line":78,"column":4},"end":{"line":78,"column":41}},"44":{"start":{"line":82,"column":26},"end":{"line":101,"column":1}},"45":{"start":{"line":83,"column":17},"end":{"line":83,"column":27}},"46":{"start":{"line":84,"column":15},"end":{"line":84,"column":23}},"47":{"start":{"line":85,"column":2},"end":{"line":87,"column":3}},"48":{"start":{"line":86,"column":4},"end":{"line":86,"column":77}},"49":{"start":{"line":88,"column":2},"end":{"line":100,"column":3}},"50":{"start":{"line":89,"column":26},"end":{"line":91,"column":13}},"51":{"start":{"line":92,"column":4},"end":{"line":94,"column":5}},"52":{"start":{"line":93,"column":6},"end":{"line":93,"column":79}},"53":{"start":{"line":95,"column":4},"end":{"line":95,"column":40}},"54":{"start":{"line":97,"column":4},"end":{"line":99,"column":71}},"55":{"start":{"line":103,"column":26},"end":{"line":119,"column":1}},"56":{"start":{"line":104,"column":17},"end":{"line":104,"column":27}},"57":{"start":{"line":105,"column":2},"end":{"line":118,"column":3}},"58":{"start":{"line":106,"column":23},"end":{"line":106,"column":70}},"59":{"start":{"line":107,"column":4},"end":{"line":109,"column":5}},"60":{"start":{"line":108,"column":6},"end":{"line":108,"column":79}},"61":{"start":{"line":110,"column":4},"end":{"line":113,"column":7}},"62":{"start":{"line":115,"column":4},"end":{"line":117,"column":71}},"63":{"start":{"line":121,"column":0},"end":{"line":129,"column":2}}},"fnMap":{"0":{"name":"(anonymous_0)","decl":{"start":{"line":4,"column":23},"end":{"line":4,"column":24}},"loc":{"start":{"line":4,"column":43},"end":{"line":11,"column":1}},"line":4},"1":{"name":"(anonymous_1)","decl":{"start":{"line":13,"column":23},"end":{"line":13,"column":24}},"loc":{"start":{"line":13,"column":43},"end":{"line":25,"column":1}},"line":13},"2":{"name":"(anonymous_2)","decl":{"start":{"line":27,"column":25},"end":{"line":27,"column":26}},"loc":{"start":{"line":27,"column":45},"end":{"line":42,"column":1}},"line":27},"3":{"name":"(anonymous_3)","decl":{"start":{"line":45,"column":29},"end":{"line":45,"column":30}},"loc":{"start":{"line":45,"column":49},"end":{"line":59,"column":1}},"line":45},"4":{"name":"(anonymous_4)","decl":{"start":{"line":62,"column":20},"end":{"line":62,"column":21}},"loc":{"start":{"line":62,"column":40},"end":{"line":80,"column":1}},"line":62},"5":{"name":"(anonymous_5)","decl":{"start":{"line":82,"column":26},"end":{"line":82,"column":27}},"loc":{"start":{"line":82,"column":46},"end":{"line":101,"column":1}},"line":82},"6":{"name":"(anonymous_6)","decl":{"start":{"line":103,"column":26},"end":{"line":103,"column":27}},"loc":{"start":{"line":103,"column":46},"end":{"line":119,"column":1}},"line":103}},"branchMap":{"0":{"loc":{"start":{"line":31,"column":4},"end":{"line":31,"column":61}},"type":"if","locations":[{"start":{"line":31,"column":4},"end":{"line":31,"column":61}},{"start":{},"end":{}}],"line":31},"1":{"loc":{"start":{"line":32,"column":4},"end":{"line":38,"column":5}},"type":"if","locations":[{"start":{"line":32,"column":4},"end":{"line":38,"column":5}},{"start":{},"end":{}}],"line":32},"2":{"loc":{"start":{"line":65,"column":2},"end":{"line":67,"column":3}},"type":"if","locations":[{"start":{"line":65,"column":2},"end":{"line":67,"column":3}},{"start":{},"end":{}}],"line":65},"3":{"loc":{"start":{"line":65,"column":6},"end":{"line":65,"column":53}},"type":"binary-expr","locations":[{"start":{"line":65,"column":6},"end":{"line":65,"column":17}},{"start":{"line":65,"column":21},"end":{"line":65,"column":38}},{"start":{"line":65,"column":42},"end":{"line":65,"column":53}}],"line":65},"4":{"loc":{"start":{"line":72,"column":4},"end":{"line":74,"column":5}},"type":"if","locations":[{"start":{"line":72,"column":4},"end":{"line":74,"column":5}},{"start":{},"end":{}}],"line":72},"5":{"loc":{"start":{"line":85,"column":2},"end":{"line":87,"column":3}},"type":"if","locations":[{"start":{"line":85,"column":2},"end":{"line":87,"column":3}},{"start":{},"end":{}}],"line":85},"6":{"loc":{"start":{"line":85,"column":6},"end":{"line":85,"column":53}},"type":"binary-expr","locations":[{"start":{"line":85,"column":6},"end":{"line":85,"column":17}},{"start":{"line":85,"column":21},"end":{"line":85,"column":38}},{"start":{"line":85,"column":42},"end":{"line":85,"column":53}}],"line":85},"7":{"loc":{"start":{"line":92,"column":4},"end":{"line":94,"column":5}},"type":"if","locations":[{"start":{"line":92,"column":4},"end":{"line":94,"column":5}},{"start":{},"end":{}}],"line":92},"8":{"loc":{"start":{"line":107,"column":4},"end":{"line":109,"column":5}},"type":"if","locations":[{"start":{"line":107,"column":4},"end":{"line":109,"column":5}},{"start":{},"end":{}}],"line":107}},"s":{"0":1,"1":1,"2":1,"3":0,"4":0,"5":0,"6":0,"7":1,"8":0,"9":0,"10":0,"11":0,"12":0,"13":1,"14":0,"15":0,"16":0,"17":0,"18":0,"19":0,"20":0,"21":0,"22":1,"23":0,"24":0,"25":0,"26":0,"27":0,"28":0,"29":0,"30":1,"31":0,"32":0,"33":0,"34":0,"35":0,"36":0,"37":0,"38":0,"39":0,"40":0,"41":0,"42":0,"43":0,"44":1,"45":0,"46":0,"47":0,"48":0,"49":0,"50":0,"51":0,"52":0,"53":0,"54":0,"55":1,"56":0,"57":0,"58":0,"59":0,"60":0,"61":0,"62":0,"63":1},"f":{"0":0,"1":0,"2":0,"3":0,"4":0,"5":0,"6":0},"b":{"0":[0,0],"1":[0,0],"2":[0,0],"3":[0,0,0],"4":[0,0],"5":[0,0],"6":[0,0,0],"7":[0,0],"8":[0,0]},"_coverageSchema":"1a1c01bbd47fc00a2c39e90264f33305004495a9","hash":"5313d15d20a5a11371710e84f2972606fa91b229"}
,"/home/mar.badia/Escritorio/Master/wallapop/backend/src/mongo/controllers/userController.js": {"path":"/home/mar.badia/Escritorio/Master/wallapop/backend/src/mongo/controllers/userController.js","statementMap":{"0":{"start":{"line":1,"column":16},"end":{"line":1,"column":34}},"1":{"start":{"line":2,"column":18},"end":{"line":2,"column":48}},"2":{"start":{"line":4,"column":18},"end":{"line":40,"column":1}},"3":{"start":{"line":5,"column":30},"end":{"line":5,"column":38}},"4":{"start":{"line":7,"column":2},"end":{"line":11,"column":3}},"5":{"start":{"line":8,"column":4},"end":{"line":10,"column":63}},"6":{"start":{"line":12,"column":2},"end":{"line":39,"column":3}},"7":{"start":{"line":13,"column":22},"end":{"line":13,"column":56}},"8":{"start":{"line":14,"column":4},"end":{"line":18,"column":5}},"9":{"start":{"line":15,"column":6},"end":{"line":17,"column":65}},"10":{"start":{"line":20,"column":4},"end":{"line":24,"column":5}},"11":{"start":{"line":21,"column":6},"end":{"line":23,"column":68}},"12":{"start":{"line":26,"column":4},"end":{"line":34,"column":7}},"13":{"start":{"line":36,"column":4},"end":{"line":38,"column":78}},"14":{"start":{"line":42,"column":21},"end":{"line":80,"column":1}},"15":{"start":{"line":43,"column":16},"end":{"line":43,"column":30}},"16":{"start":{"line":44,"column":19},"end":{"line":44,"column":22}},"17":{"start":{"line":46,"column":2},"end":{"line":79,"column":3}},"18":{"start":{"line":47,"column":4},"end":{"line":51,"column":5}},"19":{"start":{"line":48,"column":6},"end":{"line":50,"column":61}},"20":{"start":{"line":52,"column":25},"end":{"line":52,"column":66}},"21":{"start":{"line":54,"column":4},"end":{"line":75,"column":5}},"22":{"start":{"line":55,"column":6},"end":{"line":57,"column":64}},"23":{"start":{"line":59,"column":22},"end":{"line":59,"column":41}},"24":{"start":{"line":60,"column":6},"end":{"line":60,"column":55}},"25":{"start":{"line":61,"column":24},"end":{"line":61,"column":44}},"26":{"start":{"line":62,"column":6},"end":{"line":74,"column":7}},"27":{"start":{"line":63,"column":22},"end":{"line":63,"column":45}},"28":{"start":{"line":64,"column":8},"end":{"line":64,"column":27}},"29":{"start":{"line":65,"column":8},"end":{"line":73,"column":11}},"30":{"start":{"line":77,"column":4},"end":{"line":77,"column":21}},"31":{"start":{"line":78,"column":4},"end":{"line":78,"column":43}},"32":{"start":{"line":82,"column":21},"end":{"line":89,"column":1}},"33":{"start":{"line":83,"column":18},"end":{"line":83,"column":57}},"34":{"start":{"line":84,"column":2},"end":{"line":88,"column":3}},"35":{"start":{"line":85,"column":4},"end":{"line":85,"column":50}},"36":{"start":{"line":87,"column":4},"end":{"line":87,"column":34}},"37":{"start":{"line":91,"column":23},"end":{"line":104,"column":1}},"38":{"start":{"line":92,"column":19},"end":{"line":92,"column":22}},"39":{"start":{"line":93,"column":15},"end":{"line":93,"column":73}},"40":{"start":{"line":94,"column":2},"end":{"line":103,"column":3}},"41":{"start":{"line":95,"column":4},"end":{"line":95,"column":71}},"42":{"start":{"line":97,"column":4},"end":{"line":102,"column":5}},"43":{"start":{"line":98,"column":6},"end":{"line":98,"column":71}},"44":{"start":{"line":100,"column":6},"end":{"line":100,"column":49}},"45":{"start":{"line":101,"column":6},"end":{"line":101,"column":33}},"46":{"start":{"line":106,"column":23},"end":{"line":113,"column":1}},"47":{"start":{"line":107,"column":15},"end":{"line":107,"column":73}},"48":{"start":{"line":108,"column":2},"end":{"line":112,"column":3}},"49":{"start":{"line":109,"column":4},"end":{"line":109,"column":69}},"50":{"start":{"line":111,"column":4},"end":{"line":111,"column":31}},"51":{"start":{"line":115,"column":0},"end":{"line":121,"column":2}}},"fnMap":{"0":{"name":"(anonymous_0)","decl":{"start":{"line":4,"column":18},"end":{"line":4,"column":19}},"loc":{"start":{"line":4,"column":38},"end":{"line":40,"column":1}},"line":4},"1":{"name":"(anonymous_1)","decl":{"start":{"line":42,"column":21},"end":{"line":42,"column":22}},"loc":{"start":{"line":42,"column":41},"end":{"line":80,"column":1}},"line":42},"2":{"name":"(anonymous_2)","decl":{"start":{"line":82,"column":21},"end":{"line":82,"column":22}},"loc":{"start":{"line":82,"column":41},"end":{"line":89,"column":1}},"line":82},"3":{"name":"(anonymous_3)","decl":{"start":{"line":91,"column":23},"end":{"line":91,"column":24}},"loc":{"start":{"line":91,"column":43},"end":{"line":104,"column":1}},"line":91},"4":{"name":"(anonymous_4)","decl":{"start":{"line":106,"column":23},"end":{"line":106,"column":24}},"loc":{"start":{"line":106,"column":43},"end":{"line":113,"column":1}},"line":106}},"branchMap":{"0":{"loc":{"start":{"line":7,"column":2},"end":{"line":11,"column":3}},"type":"if","locations":[{"start":{"line":7,"column":2},"end":{"line":11,"column":3}},{"start":{},"end":{}}],"line":7},"1":{"loc":{"start":{"line":7,"column":6},"end":{"line":7,"column":25}},"type":"binary-expr","locations":[{"start":{"line":7,"column":6},"end":{"line":7,"column":12}},{"start":{"line":7,"column":16},"end":{"line":7,"column":25}}],"line":7},"2":{"loc":{"start":{"line":14,"column":4},"end":{"line":18,"column":5}},"type":"if","locations":[{"start":{"line":14,"column":4},"end":{"line":18,"column":5}},{"start":{},"end":{}}],"line":14},"3":{"loc":{"start":{"line":20,"column":4},"end":{"line":24,"column":5}},"type":"if","locations":[{"start":{"line":20,"column":4},"end":{"line":24,"column":5}},{"start":{},"end":{}}],"line":20},"4":{"loc":{"start":{"line":47,"column":4},"end":{"line":51,"column":5}},"type":"if","locations":[{"start":{"line":47,"column":4},"end":{"line":51,"column":5}},{"start":{},"end":{}}],"line":47},"5":{"loc":{"start":{"line":54,"column":4},"end":{"line":75,"column":5}},"type":"if","locations":[{"start":{"line":54,"column":4},"end":{"line":75,"column":5}},{"start":{"line":58,"column":11},"end":{"line":75,"column":5}}],"line":54},"6":{"loc":{"start":{"line":62,"column":6},"end":{"line":74,"column":7}},"type":"if","locations":[{"start":{"line":62,"column":6},"end":{"line":74,"column":7}},{"start":{},"end":{}}],"line":62},"7":{"loc":{"start":{"line":84,"column":2},"end":{"line":88,"column":3}},"type":"if","locations":[{"start":{"line":84,"column":2},"end":{"line":88,"column":3}},{"start":{"line":86,"column":9},"end":{"line":88,"column":3}}],"line":84},"8":{"loc":{"start":{"line":94,"column":2},"end":{"line":103,"column":3}},"type":"if","locations":[{"start":{"line":94,"column":2},"end":{"line":103,"column":3}},{"start":{"line":96,"column":9},"end":{"line":103,"column":3}}],"line":94},"9":{"loc":{"start":{"line":94,"column":6},"end":{"line":94,"column":46}},"type":"binary-expr","locations":[{"start":{"line":94,"column":6},"end":{"line":94,"column":17}},{"start":{"line":94,"column":21},"end":{"line":94,"column":31}},{"start":{"line":94,"column":35},"end":{"line":94,"column":46}}],"line":94},"10":{"loc":{"start":{"line":97,"column":4},"end":{"line":102,"column":5}},"type":"if","locations":[{"start":{"line":97,"column":4},"end":{"line":102,"column":5}},{"start":{"line":99,"column":11},"end":{"line":102,"column":5}}],"line":97},"11":{"loc":{"start":{"line":108,"column":2},"end":{"line":112,"column":3}},"type":"if","locations":[{"start":{"line":108,"column":2},"end":{"line":112,"column":3}},{"start":{"line":110,"column":9},"end":{"line":112,"column":3}}],"line":108}},"s":{"0":1,"1":1,"2":1,"3":0,"4":0,"5":0,"6":0,"7":0,"8":0,"9":0,"10":0,"11":0,"12":0,"13":0,"14":1,"15":0,"16":0,"17":0,"18":0,"19":0,"20":0,"21":0,"22":0,"23":0,"24":0,"25":0,"26":0,"27":0,"28":0,"29":0,"30":0,"31":0,"32":1,"33":0,"34":0,"35":0,"36":0,"37":1,"38":0,"39":0,"40":0,"41":0,"42":0,"43":0,"44":0,"45":0,"46":1,"47":1,"48":1,"49":0,"50":1,"51":1},"f":{"0":0,"1":0,"2":0,"3":0,"4":1},"b":{"0":[0,0],"1":[0,0],"2":[0,0],"3":[0,0],"4":[0,0],"5":[0,0],"6":[0,0],"7":[0,0],"8":[0,0],"9":[0,0,0],"10":[0,0],"11":[0,1]},"_coverageSchema":"1a1c01bbd47fc00a2c39e90264f33305004495a9","hash":"594045dd8d775cc721584d8771a4be57cfa04ea2"}
,"/home/mar.badia/Escritorio/Master/wallapop/backend/src/mongo/models/categoryModel.js": {"path":"/home/mar.badia/Escritorio/Master/wallapop/backend/src/mongo/models/categoryModel.js","statementMap":{"0":{"start":{"line":1,"column":18},"end":{"line":1,"column":37}},"1":{"start":{"line":2,"column":23},"end":{"line":2,"column":59}},"2":{"start":{"line":5,"column":22},"end":{"line":5,"column":55}},"3":{"start":{"line":7,"column":0},"end":{"line":7,"column":31}}},"fnMap":{},"branchMap":{},"s":{"0":1,"1":1,"2":1,"3":1},"f":{},"b":{},"_coverageSchema":"1a1c01bbd47fc00a2c39e90264f33305004495a9","hash":"10b4a1e93c7d1af91593c61398b38a6bac64ac10"}
,"/home/mar.badia/Escritorio/Master/wallapop/backend/src/mongo/models/productModel.js": {"path":"/home/mar.badia/Escritorio/Master/wallapop/backend/src/mongo/models/productModel.js","statementMap":{"0":{"start":{"line":1,"column":18},"end":{"line":1,"column":37}},"1":{"start":{"line":2,"column":22},"end":{"line":2,"column":57}},"2":{"start":{"line":4,"column":21},"end":{"line":4,"column":52}},"3":{"start":{"line":6,"column":0},"end":{"line":6,"column":30}}},"fnMap":{},"branchMap":{},"s":{"0":1,"1":1,"2":1,"3":1},"f":{},"b":{},"_coverageSchema":"1a1c01bbd47fc00a2c39e90264f33305004495a9","hash":"5e74aafbec18ceb229139b6dd344ea9dd544a1b6"}
,"/home/mar.badia/Escritorio/Master/wallapop/backend/src/mongo/models/userModel.js": {"path":"/home/mar.badia/Escritorio/Master/wallapop/backend/src/mongo/models/userModel.js","statementMap":{"0":{"start":{"line":1,"column":18},"end":{"line":1,"column":37}},"1":{"start":{"line":2,"column":15},"end":{"line":2,"column":32}},"2":{"start":{"line":3,"column":12},"end":{"line":3,"column":35}},"3":{"start":{"line":4,"column":15},"end":{"line":4,"column":37}},"4":{"start":{"line":5,"column":19},"end":{"line":5,"column":51}},"5":{"start":{"line":7,"column":0},"end":{"line":24,"column":3}},"6":{"start":{"line":8,"column":15},"end":{"line":8,"column":19}},"7":{"start":{"line":10,"column":2},"end":{"line":10,"column":50}},"8":{"start":{"line":10,"column":36},"end":{"line":10,"column":50}},"9":{"start":{"line":13,"column":2},"end":{"line":23,"column":5}},"10":{"start":{"line":14,"column":4},"end":{"line":14,"column":30}},"11":{"start":{"line":14,"column":13},"end":{"line":14,"column":30}},"12":{"start":{"line":16,"column":4},"end":{"line":22,"column":7}},"13":{"start":{"line":17,"column":6},"end":{"line":17,"column":32}},"14":{"start":{"line":17,"column":15},"end":{"line":17,"column":32}},"15":{"start":{"line":20,"column":6},"end":{"line":20,"column":27}},"16":{"start":{"line":21,"column":6},"end":{"line":21,"column":13}},"17":{"start":{"line":26,"column":0},"end":{"line":28,"column":2}},"18":{"start":{"line":27,"column":2},"end":{"line":27,"column":53}},"19":{"start":{"line":30,"column":0},"end":{"line":46,"column":2}},"20":{"start":{"line":31,"column":2},"end":{"line":31,"column":40}},"21":{"start":{"line":32,"column":16},"end":{"line":32,"column":26}},"22":{"start":{"line":33,"column":25},"end":{"line":33,"column":35}},"23":{"start":{"line":35,"column":2},"end":{"line":35,"column":47}},"24":{"start":{"line":37,"column":16},"end":{"line":41,"column":3}},"25":{"start":{"line":43,"column":2},"end":{"line":45,"column":5}},"26":{"start":{"line":48,"column":18},"end":{"line":48,"column":43}},"27":{"start":{"line":50,"column":0},"end":{"line":50,"column":27}}},"fnMap":{"0":{"name":"(anonymous_0)","decl":{"start":{"line":7,"column":23},"end":{"line":7,"column":24}},"loc":{"start":{"line":7,"column":39},"end":{"line":24,"column":1}},"line":7},"1":{"name":"(anonymous_1)","decl":{"start":{"line":13,"column":21},"end":{"line":13,"column":22}},"loc":{"start":{"line":13,"column":42},"end":{"line":23,"column":3}},"line":13},"2":{"name":"(anonymous_2)","decl":{"start":{"line":16,"column":37},"end":{"line":16,"column":38}},"loc":{"start":{"line":16,"column":58},"end":{"line":22,"column":5}},"line":16},"3":{"name":"(anonymous_3)","decl":{"start":{"line":26,"column":37},"end":{"line":26,"column":38}},"loc":{"start":{"line":26,"column":57},"end":{"line":28,"column":1}},"line":26},"4":{"name":"(anonymous_4)","decl":{"start":{"line":30,"column":33},"end":{"line":30,"column":34}},"loc":{"start":{"line":30,"column":45},"end":{"line":46,"column":1}},"line":30}},"branchMap":{"0":{"loc":{"start":{"line":10,"column":2},"end":{"line":10,"column":50}},"type":"if","locations":[{"start":{"line":10,"column":2},"end":{"line":10,"column":50}},{"start":{},"end":{}}],"line":10},"1":{"loc":{"start":{"line":14,"column":4},"end":{"line":14,"column":30}},"type":"if","locations":[{"start":{"line":14,"column":4},"end":{"line":14,"column":30}},{"start":{},"end":{}}],"line":14},"2":{"loc":{"start":{"line":17,"column":6},"end":{"line":17,"column":32}},"type":"if","locations":[{"start":{"line":17,"column":6},"end":{"line":17,"column":32}},{"start":{},"end":{}}],"line":17}},"s":{"0":1,"1":1,"2":1,"3":1,"4":1,"5":1,"6":0,"7":0,"8":0,"9":0,"10":0,"11":0,"12":0,"13":0,"14":0,"15":0,"16":0,"17":1,"18":0,"19":1,"20":0,"21":0,"22":0,"23":0,"24":0,"25":0,"26":1,"27":1},"f":{"0":0,"1":0,"2":0,"3":0,"4":0},"b":{"0":[0,0],"1":[0,0],"2":[0,0]},"_coverageSchema":"1a1c01bbd47fc00a2c39e90264f33305004495a9","hash":"d377d4a957c6a9176a40978f5071b4fc38f5807d"}
,"/home/mar.badia/Escritorio/Master/wallapop/backend/src/mongo/routers/categoryRouter.js": {"path":"/home/mar.badia/Escritorio/Master/wallapop/backend/src/mongo/routers/categoryRouter.js","statementMap":{"0":{"start":{"line":1,"column":16},"end":{"line":1,"column":34}},"1":{"start":{"line":5,"column":4},"end":{"line":5,"column":48}},"2":{"start":{"line":7,"column":23},"end":{"line":7,"column":39}},"3":{"start":{"line":10,"column":0},"end":{"line":10,"column":42}},"4":{"start":{"line":11,"column":0},"end":{"line":11,"column":39}},"5":{"start":{"line":13,"column":0},"end":{"line":13,"column":32}}},"fnMap":{},"branchMap":{},"s":{"0":1,"1":1,"2":1,"3":1,"4":1,"5":1},"f":{},"b":{},"_coverageSchema":"1a1c01bbd47fc00a2c39e90264f33305004495a9","hash":"87f0cbbcaf0232a2c080a5a174d1e11c6cdddb85"}
,"/home/mar.badia/Escritorio/Master/wallapop/backend/src/mongo/routers/productRouter.js": {"path":"/home/mar.badia/Escritorio/Master/wallapop/backend/src/mongo/routers/productRouter.js","statementMap":{"0":{"start":{"line":1,"column":16},"end":{"line":1,"column":34}},"1":{"start":{"line":10,"column":4},"end":{"line":10,"column":47}},"2":{"start":{"line":12,"column":22},"end":{"line":12,"column":38}},"3":{"start":{"line":14,"column":0},"end":{"line":14,"column":39}},"4":{"start":{"line":15,"column":0},"end":{"line":15,"column":42}},"5":{"start":{"line":16,"column":0},"end":{"line":16,"column":55}},"6":{"start":{"line":17,"column":0},"end":{"line":17,"column":63}},"7":{"start":{"line":18,"column":0},"end":{"line":18,"column":53}},"8":{"start":{"line":19,"column":0},"end":{"line":19,"column":47}},"9":{"start":{"line":20,"column":0},"end":{"line":20,"column":48}},"10":{"start":{"line":24,"column":0},"end":{"line":24,"column":31}}},"fnMap":{},"branchMap":{},"s":{"0":1,"1":1,"2":1,"3":1,"4":1,"5":1,"6":1,"7":1,"8":1,"9":1,"10":1},"f":{},"b":{},"_coverageSchema":"1a1c01bbd47fc00a2c39e90264f33305004495a9","hash":"bc2f6f9e06925297cb389653d65ab3cbd094f4d7"}
,"/home/mar.badia/Escritorio/Master/wallapop/backend/src/mongo/routers/userRouter.js": {"path":"/home/mar.badia/Escritorio/Master/wallapop/backend/src/mongo/routers/userRouter.js","statementMap":{"0":{"start":{"line":1,"column":16},"end":{"line":1,"column":34}},"1":{"start":{"line":2,"column":22},"end":{"line":2,"column":61}},"2":{"start":{"line":3,"column":19},"end":{"line":3,"column":35}},"3":{"start":{"line":10,"column":4},"end":{"line":10,"column":44}},"4":{"start":{"line":11,"column":29},"end":{"line":11,"column":72}},"5":{"start":{"line":20,"column":0},"end":{"line":20,"column":43}},"6":{"start":{"line":22,"column":0},"end":{"line":22,"column":37}},"7":{"start":{"line":24,"column":0},"end":{"line":24,"column":37}},"8":{"start":{"line":26,"column":0},"end":{"line":26,"column":59}},"9":{"start":{"line":28,"column":0},"end":{"line":28,"column":56}},"10":{"start":{"line":30,"column":0},"end":{"line":30,"column":57}},"11":{"start":{"line":32,"column":0},"end":{"line":32,"column":28}}},"fnMap":{},"branchMap":{},"s":{"0":1,"1":1,"2":1,"3":1,"4":1,"5":1,"6":1,"7":1,"8":1,"9":1,"10":1,"11":1},"f":{},"b":{},"_coverageSchema":"1a1c01bbd47fc00a2c39e90264f33305004495a9","hash":"ae1462cae98785f554779ecaa84e7fb60735b101"}
,"/home/mar.badia/Escritorio/Master/wallapop/backend/src/mongo/schemas/categorySchema.js": {"path":"/home/mar.badia/Escritorio/Master/wallapop/backend/src/mongo/schemas/categorySchema.js","statementMap":{"0":{"start":{"line":1,"column":19},"end":{"line":1,"column":38}},"1":{"start":{"line":4,"column":23},"end":{"line":8,"column":2}},"2":{"start":{"line":10,"column":0},"end":{"line":10,"column":32}}},"fnMap":{},"branchMap":{},"s":{"0":1,"1":1,"2":1},"f":{},"b":{},"_coverageSchema":"1a1c01bbd47fc00a2c39e90264f33305004495a9","hash":"2ff8a70ec12d6914f75f5508367dc4c3e22d4eb0"}
,"/home/mar.badia/Escritorio/Master/wallapop/backend/src/mongo/schemas/productSchema.js": {"path":"/home/mar.badia/Escritorio/Master/wallapop/backend/src/mongo/schemas/productSchema.js","statementMap":{"0":{"start":{"line":1,"column":19},"end":{"line":1,"column":38}},"1":{"start":{"line":3,"column":22},"end":{"line":47,"column":2}},"2":{"start":{"line":49,"column":0},"end":{"line":49,"column":31}}},"fnMap":{},"branchMap":{},"s":{"0":1,"1":1,"2":1},"f":{},"b":{},"_coverageSchema":"1a1c01bbd47fc00a2c39e90264f33305004495a9","hash":"06a04465cea108927a5a9106952abd43b2ad1ee9"}
,"/home/mar.badia/Escritorio/Master/wallapop/backend/src/mongo/schemas/userSchema.js": {"path":"/home/mar.badia/Escritorio/Master/wallapop/backend/src/mongo/schemas/userSchema.js","statementMap":{"0":{"start":{"line":1,"column":19},"end":{"line":1,"column":38}},"1":{"start":{"line":3,"column":19},"end":{"line":13,"column":2}},"2":{"start":{"line":15,"column":0},"end":{"line":15,"column":28}}},"fnMap":{},"branchMap":{},"s":{"0":1,"1":1,"2":1},"f":{},"b":{},"_coverageSchema":"1a1c01bbd47fc00a2c39e90264f33305004495a9","hash":"4756fa5bda6bae71cdc3dc3bb8a7f2002a9d40f5"}
,"/home/mar.badia/Escritorio/Master/wallapop/backend/src/security/jwtMiddleware.js": {"path":"/home/mar.badia/Escritorio/Master/wallapop/backend/src/security/jwtMiddleware.js","statementMap":{"0":{"start":{"line":1,"column":12},"end":{"line":1,"column":35}},"1":{"start":{"line":2,"column":18},"end":{"line":2,"column":40}},"2":{"start":{"line":4,"column":22},"end":{"line":29,"column":1}},"3":{"start":{"line":7,"column":21},"end":{"line":7,"column":49}},"4":{"start":{"line":9,"column":2},"end":{"line":10,"column":74}},"5":{"start":{"line":10,"column":4},"end":{"line":10,"column":74}},"6":{"start":{"line":11,"column":16},"end":{"line":11,"column":40}},"7":{"start":{"line":13,"column":2},"end":{"line":14,"column":77}},"8":{"start":{"line":14,"column":4},"end":{"line":14,"column":77}},"9":{"start":{"line":18,"column":2},"end":{"line":24,"column":3}},"10":{"start":{"line":20,"column":4},"end":{"line":20,"column":48}},"11":{"start":{"line":23,"column":4},"end":{"line":23,"column":59}},"12":{"start":{"line":27,"column":2},"end":{"line":27,"column":32}},"13":{"start":{"line":28,"column":2},"end":{"line":28,"column":9}},"14":{"start":{"line":31,"column":0},"end":{"line":31,"column":31}}},"fnMap":{"0":{"name":"(anonymous_0)","decl":{"start":{"line":4,"column":22},"end":{"line":4,"column":23}},"loc":{"start":{"line":4,"column":42},"end":{"line":29,"column":1}},"line":4}},"branchMap":{"0":{"loc":{"start":{"line":9,"column":2},"end":{"line":10,"column":74}},"type":"if","locations":[{"start":{"line":9,"column":2},"end":{"line":10,"column":74}},{"start":{},"end":{}}],"line":9},"1":{"loc":{"start":{"line":13,"column":2},"end":{"line":14,"column":77}},"type":"if","locations":[{"start":{"line":13,"column":2},"end":{"line":14,"column":77}},{"start":{},"end":{}}],"line":13}},"s":{"0":1,"1":1,"2":1,"3":1,"4":1,"5":0,"6":1,"7":1,"8":0,"9":1,"10":1,"11":0,"12":1,"13":1,"14":1},"f":{"0":1},"b":{"0":[0,1],"1":[0,1]},"_coverageSchema":"1a1c01bbd47fc00a2c39e90264f33305004495a9","hash":"fa06eb01a378c62dba019fe1f3f9a1827efad016"}
}
