TN:
SF:src/app.js
FN:27,(anonymous_0)
FNF:1
FNH:0
FNDA:0,(anonymous_0)
DA:1,21
DA:2,21
DA:3,21
DA:4,21
DA:5,21
DA:6,21
DA:7,21
DA:8,21
DA:9,21
DA:10,21
DA:11,21
DA:12,21
DA:13,21
DA:15,21
DA:16,21
DA:17,21
DA:18,21
DA:19,21
DA:20,21
DA:21,21
DA:22,21
DA:23,21
DA:24,21
DA:26,21
DA:27,0
DA:30,21
LF:26
LH:25
BRDA:26,0,0,0
BRDA:26,0,1,21
BRF:2
BRH:1
end_of_record
TN:
SF:src/mongo/connection/index.js
FN:7,(anonymous_0)
FN:13,(anonymous_1)
FN:19,(anonymous_2)
FNF:3
FNH:0
FNDA:0,(anonymous_0)
FNDA:0,(anonymous_1)
FNDA:0,(anonymous_2)
DA:1,21
DA:2,21
DA:4,21
DA:7,21
DA:8,0
DA:9,0
DA:10,0
DA:11,0
DA:12,0
DA:13,0
DA:15,0
DA:19,21
DA:20,0
DA:21,0
DA:22,0
DA:23,0
DA:26,0
LF:17
LH:5
BRDA:22,0,0,0
BRDA:22,0,1,0
BRF:2
BRH:0
end_of_record
TN:
SF:src/mongo/controllers/categoryController.js
FN:7,(anonymous_0)
FN:17,(anonymous_1)
FNF:2
FNH:2
FNDA:1,(anonymous_0)
FNDA:2,(anonymous_1)
DA:1,21
DA:2,21
DA:7,21
DA:8,1
DA:9,1
DA:10,1
DA:12,0
DA:17,21
DA:18,2
DA:19,2
DA:20,1
DA:22,1
DA:23,1
DA:25,1
DA:26,0
DA:29,1
DA:30,1
DA:31,1
DA:34,0
DA:38,21
LF:20
LH:17
BRDA:19,0,0,1
BRDA:19,0,1,1
BRDA:19,1,0,2
BRDA:19,1,1,2
BRDA:25,2,0,0
BRDA:25,2,1,1
BRF:6
BRH:5
end_of_record
TN:
SF:src/mongo/controllers/chatroomController.js
FN:3,(anonymous_0)
FN:13,(anonymous_1)
FN:29,(anonymous_2)
FN:54,(anonymous_3)
FN:79,(anonymous_4)
FNF:5
FNH:4
FNDA:1,(anonymous_0)
FNDA:0,(anonymous_1)
FNDA:1,(anonymous_2)
FNDA:2,(anonymous_3)
FNDA:2,(anonymous_4)
DA:1,21
DA:3,21
DA:4,1
DA:5,1
DA:6,1
DA:7,1
DA:9,0
DA:13,21
DA:14,0
DA:15,0
DA:16,0
DA:23,0
DA:25,0
DA:29,21
DA:30,1
DA:31,1
DA:32,1
DA:47,1
DA:49,0
DA:54,21
DA:55,2
DA:57,2
DA:58,2
DA:62,1
DA:63,0
DA:64,1
DA:65,0
DA:67,1
DA:71,1
DA:72,1
DA:75,1
DA:79,21
DA:80,2
DA:81,2
DA:82,2
DA:83,1
DA:84,0
DA:88,1
DA:93,1
DA:99,21
LF:40
LH:30
BRDA:62,0,0,0
BRDA:62,0,1,1
BRDA:64,1,0,0
BRDA:64,1,1,1
BRDA:83,2,0,0
BRDA:83,2,1,1
BRF:6
BRH:3
end_of_record
TN:
SF:src/mongo/controllers/favoriteController.js
FN:7,(anonymous_0)
FN:33,(anonymous_1)
FN:59,(anonymous_2)
FNF:3
FNH:3
FNDA:4,(anonymous_0)
FNDA:4,(anonymous_1)
FNDA:2,(anonymous_2)
DA:1,21
DA:2,21
DA:3,21
DA:7,21
DA:8,4
DA:9,4
DA:10,4
DA:26,2
DA:29,2
DA:33,21
DA:34,4
DA:35,4
DA:36,4
DA:37,1
DA:39,3
DA:40,3
DA:41,2
DA:42,1
DA:43,1
DA:44,1
DA:46,1
DA:50,1
DA:51,1
DA:54,1
DA:55,1
DA:59,21
DA:60,2
DA:61,2
DA:62,2
DA:63,0
DA:65,2
DA:66,1
DA:67,0
DA:69,1
DA:70,1
DA:71,1
DA:72,1
DA:74,1
DA:76,1
DA:80,1
DA:86,21
LF:41
LH:39
BRDA:36,0,0,1
BRDA:36,0,1,3
BRDA:36,1,0,4
BRDA:36,1,1,4
BRDA:41,2,0,1
BRDA:41,2,1,1
BRDA:62,3,0,0
BRDA:62,3,1,2
BRDA:62,4,0,2
BRDA:62,4,1,2
BRDA:66,5,0,0
BRDA:66,5,1,1
BRDA:70,6,0,1
BRDA:70,6,1,0
BRF:14
BRH:11
end_of_record
TN:
SF:src/mongo/controllers/messageController.js
FN:10,(anonymous_0)
FN:30,(anonymous_1)
FN:61,(anonymous_2)
FN:109,(anonymous_3)
FNF:4
FNH:3
FNDA:3,(anonymous_0)
FNDA:3,(anonymous_1)
FNDA:0,(anonymous_2)
FNDA:1,(anonymous_3)
DA:1,21
DA:2,21
DA:3,21
DA:4,21
DA:6,21
DA:7,21
DA:8,0
DA:10,21
DA:11,3
DA:12,3
DA:13,3
DA:14,0
DA:16,3
DA:21,1
DA:24,2
DA:30,21
DA:31,3
DA:33,3
DA:34,3
DA:35,2
DA:36,0
DA:39,2
DA:40,1
DA:43,1
DA:48,1
DA:50,1
DA:51,0
DA:55,1
DA:57,1
DA:61,21
DA:62,0
DA:63,0
DA:64,0
DA:66,0
DA:67,0
DA:77,0
DA:78,0
DA:81,0
DA:83,0
DA:109,21
DA:110,1
DA:111,1
DA:112,1
DA:113,0
DA:115,1
DA:123,1
DA:126,0
DA:130,21
LF:48
LH:33
BRDA:7,0,0,0
BRDA:7,0,1,21
BRDA:13,1,0,0
BRDA:13,1,1,3
BRDA:35,2,0,0
BRDA:35,2,1,2
BRDA:39,3,0,1
BRDA:39,3,1,1
BRDA:50,4,0,0
BRDA:50,4,1,1
BRDA:63,5,0,0
BRDA:63,5,1,0
BRDA:77,6,0,0
BRDA:77,6,1,0
BRDA:112,7,0,0
BRDA:112,7,1,1
BRF:16
BRH:7
end_of_record
TN:
SF:src/mongo/controllers/productController.js
FN:4,(anonymous_0)
FN:13,(anonymous_1)
FN:36,(anonymous_2)
FN:50,(anonymous_3)
FN:66,(anonymous_4)
FN:87,(anonymous_5)
FN:104,(anonymous_6)
FN:120,(anonymous_7)
FN:134,(anonymous_8)
FN:157,(anonymous_9)
FN:177,(anonymous_10)
FNF:11
FNH:9
FNDA:1,(anonymous_0)
FNDA:0,(anonymous_1)
FNDA:4,(anonymous_2)
FNDA:2,(anonymous_3)
FNDA:0,(anonymous_4)
FNDA:1,(anonymous_5)
FNDA:1,(anonymous_6)
FNDA:1,(anonymous_7)
FNDA:4,(anonymous_8)
FNDA:4,(anonymous_9)
FNDA:3,(anonymous_10)
DA:1,21
DA:2,21
DA:4,21
DA:5,1
DA:6,1
DA:7,1
DA:9,0
DA:13,21
DA:14,0
DA:15,0
DA:16,0
DA:18,0
DA:19,0
DA:21,0
DA:23,0
DA:30,0
DA:32,0
DA:36,21
DA:37,4
DA:38,4
DA:39,4
DA:44,1
DA:46,3
DA:50,21
DA:51,2
DA:52,2
DA:53,2
DA:54,2
DA:55,2
DA:59,1
DA:62,1
DA:66,21
DA:67,0
DA:68,0
DA:69,0
DA:71,0
DA:76,0
DA:77,0
DA:81,0
DA:83,0
DA:87,21
DA:88,1
DA:89,1
DA:90,1
DA:91,1
DA:92,1
DA:96,1
DA:99,0
DA:104,21
DA:105,1
DA:106,1
DA:107,1
DA:112,1
DA:114,0
DA:115,0
DA:120,21
DA:121,1
DA:122,1
DA:123,1
DA:126,1
DA:128,0
DA:129,0
DA:134,21
DA:135,4
DA:137,4
DA:138,4
DA:139,3
DA:141,1
DA:142,1
DA:143,1
DA:144,1
DA:145,1
DA:146,0
DA:148,1
DA:150,1
DA:152,0
DA:153,0
DA:157,21
DA:158,4
DA:159,4
DA:161,4
DA:162,3
DA:164,1
DA:165,1
DA:166,1
DA:167,0
DA:169,1
DA:171,0
DA:177,21
DA:178,3
DA:179,3
DA:180,3
DA:181,2
DA:182,1
DA:184,1
DA:189,1
DA:195,21
LF:97
LH:69
BRDA:15,0,0,0
BRDA:15,0,1,0
BRDA:52,1,0,0
BRDA:52,1,1,2
BRDA:54,2,0,2
BRDA:54,2,1,0
BRDA:69,3,0,0
BRDA:69,3,1,0
BRDA:76,4,0,0
BRDA:76,4,1,0
BRDA:89,5,0,0
BRDA:89,5,1,1
BRDA:91,6,0,1
BRDA:91,6,1,0
BRDA:138,7,0,3
BRDA:138,7,1,1
BRDA:138,8,0,4
BRDA:138,8,1,3
BRDA:138,8,2,2
BRDA:145,9,0,0
BRDA:145,9,1,1
BRDA:161,10,0,3
BRDA:161,10,1,1
BRDA:161,11,0,4
BRDA:161,11,1,2
BRDA:161,11,2,1
BRDA:166,12,0,0
BRDA:166,12,1,1
BRDA:181,13,0,1
BRDA:181,13,1,1
BRF:30
BRH:18
end_of_record
TN:
SF:src/mongo/controllers/transactionController.js
FN:7,(anonymous_0)
FN:27,(anonymous_1)
FNF:2
FNH:2
FNDA:2,(anonymous_0)
FNDA:3,(anonymous_1)
DA:1,21
DA:2,21
DA:3,21
DA:7,21
DA:8,2
DA:10,2
DA:11,2
DA:12,2
DA:13,2
DA:19,1
DA:22,1
DA:27,21
DA:28,3
DA:29,3
DA:30,3
DA:32,3
DA:33,2
DA:35,1
DA:37,1
DA:39,1
DA:41,1
DA:46,1
DA:47,0
DA:49,0
DA:51,1
DA:56,21
LF:26
LH:24
BRDA:10,0,0,0
BRDA:10,0,1,2
BRDA:12,1,0,2
BRDA:12,1,1,0
BRDA:32,2,0,2
BRDA:32,2,1,1
BRDA:32,3,0,3
BRDA:32,3,1,3
BRF:8
BRH:6
end_of_record
TN:
SF:src/mongo/controllers/userController.js
FN:4,(anonymous_0)
FN:42,(anonymous_1)
FN:80,(anonymous_2)
FN:89,(anonymous_3)
FN:103,(anonymous_4)
FNF:5
FNH:4
FNDA:5,(anonymous_0)
FNDA:5,(anonymous_1)
FNDA:0,(anonymous_2)
FNDA:2,(anonymous_3)
FNDA:1,(anonymous_4)
DA:1,21
DA:2,21
DA:4,21
DA:5,5
DA:7,5
DA:8,2
DA:12,3
DA:13,3
DA:14,3
DA:15,0
DA:20,3
DA:21,1
DA:26,2
DA:36,0
DA:42,21
DA:43,5
DA:44,5
DA:46,5
DA:47,5
DA:48,1
DA:52,4
DA:54,4
DA:55,2
DA:59,2
DA:60,2
DA:61,2
DA:62,2
DA:63,2
DA:75,0
DA:76,0
DA:80,21
DA:81,0
DA:82,0
DA:83,0
DA:85,0
DA:89,21
DA:90,2
DA:91,2
DA:92,2
DA:93,1
DA:95,1
DA:96,0
DA:98,1
DA:103,21
DA:104,1
DA:105,1
DA:106,0
DA:108,1
DA:112,21
LF:49
LH:39
BRDA:7,0,0,2
BRDA:7,0,1,3
BRDA:7,1,0,5
BRDA:7,1,1,4
BRDA:14,2,0,0
BRDA:14,2,1,3
BRDA:20,3,0,1
BRDA:20,3,1,2
BRDA:47,4,0,1
BRDA:47,4,1,4
BRDA:54,5,0,2
BRDA:54,5,1,2
BRDA:61,6,0,2
BRDA:61,6,1,0
BRDA:82,7,0,0
BRDA:82,7,1,0
BRDA:92,8,0,1
BRDA:92,8,1,1
BRDA:92,9,0,2
BRDA:92,9,1,2
BRDA:92,9,2,1
BRDA:95,10,0,0
BRDA:95,10,1,1
BRDA:105,11,0,0
BRDA:105,11,1,1
BRF:25
BRH:19
end_of_record
TN:
SF:src/mongo/models/categoryModel.js
FNF:0
FNH:0
DA:1,21
DA:2,21
DA:5,21
DA:7,21
LF:4
LH:4
BRF:0
BRH:0
end_of_record
TN:
SF:src/mongo/models/chatroomModel.js
FN:5,(anonymous_0)
FNF:1
FNH:0
FNDA:0,(anonymous_0)
DA:1,21
DA:2,21
DA:3,21
DA:5,21
DA:6,0
DA:7,0
DA:10,21
DA:13,21
LF:8
LH:6
BRF:0
BRH:0
end_of_record
TN:
SF:src/mongo/models/favoriteModel.js
FNF:0
FNH:0
DA:1,21
DA:2,21
DA:5,21
DA:7,21
LF:4
LH:4
BRF:0
BRH:0
end_of_record
TN:
SF:src/mongo/models/messageModel.js
FNF:0
FNH:0
DA:1,21
DA:2,21
DA:4,21
DA:6,21
LF:4
LH:4
BRF:0
BRH:0
end_of_record
TN:
SF:src/mongo/models/productModel.js
FNF:0
FNH:0
DA:1,21
DA:2,21
DA:4,21
DA:6,21
LF:4
LH:4
BRF:0
BRH:0
end_of_record
TN:
SF:src/mongo/models/transactionModel.js
FNF:0
FNH:0
DA:1,21
DA:2,21
DA:5,21
DA:7,21
LF:4
LH:4
BRF:0
BRH:0
end_of_record
TN:
SF:src/mongo/models/userModel.js
FN:7,(anonymous_0)
FN:13,(anonymous_1)
FN:16,(anonymous_2)
FN:26,(anonymous_3)
FN:30,(anonymous_4)
FNF:5
FNH:5
FNDA:30,(anonymous_0)
FNDA:30,(anonymous_1)
FNDA:30,(anonymous_2)
FNDA:3,(anonymous_3)
FNDA:4,(anonymous_4)
DA:1,21
DA:2,21
DA:3,21
DA:4,21
DA:5,21
DA:7,21
DA:8,30
DA:10,30
DA:13,30
DA:14,30
DA:16,30
DA:17,30
DA:20,30
DA:21,30
DA:26,21
DA:27,3
DA:30,21
DA:31,4
DA:32,4
DA:34,4
DA:36,4
DA:42,4
DA:47,21
DA:49,21
LF:24
LH:24
BRDA:10,0,0,0
BRDA:10,0,1,30
BRDA:14,1,0,0
BRDA:14,1,1,30
BRDA:17,2,0,0
BRDA:17,2,1,30
BRF:6
BRH:3
end_of_record
TN:
SF:src/mongo/routers/categoryRouter.js
FNF:0
FNH:0
DA:1,21
DA:5,21
DA:7,21
DA:10,21
DA:11,21
DA:13,21
LF:6
LH:6
BRF:0
BRH:0
end_of_record
TN:
SF:src/mongo/routers/chatroomRouter.js
FNF:0
FNH:0
DA:1,21
DA:2,21
DA:9,21
DA:11,21
DA:13,21
DA:14,21
DA:15,21
DA:16,21
DA:17,21
DA:19,21
LF:10
LH:10
BRF:0
BRH:0
end_of_record
TN:
SF:src/mongo/routers/favoriteRouter.js
FNF:0
FNH:0
DA:1,21
DA:4,21
DA:6,21
DA:8,21
DA:9,21
DA:10,21
DA:11,21
DA:17,21
LF:8
LH:8
BRF:0
BRH:0
end_of_record
TN:
SF:src/mongo/routers/messageRouter.js
FNF:0
FNH:0
DA:1,21
DA:7,21
DA:8,21
DA:10,21
DA:12,21
DA:13,21
DA:14,21
DA:15,21
DA:17,21
LF:9
LH:9
BRF:0
BRH:0
end_of_record
TN:
SF:src/mongo/routers/productRouter.js
FNF:0
FNH:0
DA:1,21
DA:14,21
DA:16,21
DA:18,21
DA:19,21
DA:20,21
DA:21,21
DA:22,21
DA:23,21
DA:24,21
DA:25,21
DA:26,21
DA:27,21
DA:28,21
DA:30,21
LF:15
LH:15
BRF:0
BRH:0
end_of_record
TN:
SF:src/mongo/routers/transactionRouter.js
FNF:0
FNH:0
DA:1,21
DA:6,21
DA:8,21
DA:11,21
DA:12,21
DA:14,21
LF:6
LH:6
BRF:0
BRH:0
end_of_record
TN:
SF:src/mongo/routers/userRouter.js
FNF:0
FNH:0
DA:1,21
DA:2,21
DA:3,21
DA:10,21
DA:11,21
DA:20,21
DA:22,21
DA:24,21
DA:26,21
DA:28,21
DA:30,21
DA:32,21
LF:12
LH:12
BRF:0
BRH:0
end_of_record
TN:
SF:src/mongo/schemas/categorySchema.js
FNF:0
FNH:0
DA:1,21
DA:4,21
DA:10,21
LF:3
LH:3
BRF:0
BRH:0
end_of_record
TN:
SF:src/mongo/schemas/chatroomSchema.js
FNF:0
FNH:0
DA:1,21
DA:3,21
DA:21,21
LF:3
LH:3
BRF:0
BRH:0
end_of_record
TN:
SF:src/mongo/schemas/favoriteSchema.js
FNF:0
FNH:0
DA:1,21
DA:6,21
DA:17,21
LF:3
LH:3
BRF:0
BRH:0
end_of_record
TN:
SF:src/mongo/schemas/messageSchema.js
FNF:0
FNH:0
DA:1,21
DA:3,21
DA:21,21
LF:3
LH:3
BRF:0
BRH:0
end_of_record
TN:
SF:src/mongo/schemas/productSchema.js
FNF:0
FNH:0
DA:1,21
DA:3,21
DA:49,21
LF:3
LH:3
BRF:0
BRH:0
end_of_record
TN:
SF:src/mongo/schemas/transactionSchema.js
FNF:0
FNH:0
DA:1,21
DA:4,21
DA:36,21
LF:3
LH:3
BRF:0
BRH:0
end_of_record
TN:
SF:src/mongo/schemas/userSchema.js
FNF:0
FNH:0
DA:1,21
DA:3,21
DA:15,21
LF:3
LH:3
BRF:0
BRH:0
end_of_record
TN:
SF:src/security/jwtMiddleware.js
FN:4,(anonymous_0)
FN:32,(anonymous_1)
FNF:2
FNH:1
FNDA:31,(anonymous_0)
FNDA:0,(anonymous_1)
DA:1,21
DA:2,21
DA:4,21
DA:7,31
DA:8,31
DA:9,7
DA:10,24
DA:12,24
DA:13,0
DA:17,24
DA:20,24
DA:24,0
DA:28,24
DA:29,24
DA:32,21
DA:33,0
DA:36,21
LF:17
LH:14
BRDA:8,0,0,7
BRDA:8,0,1,24
BRDA:12,1,0,0
BRDA:12,1,1,24
BRF:4
BRH:3
end_of_record
TN:
SF:tests/connection.js
FN:7,(anonymous_0)
FN:22,(anonymous_1)
FNF:2
FNH:2
FNDA:21,(anonymous_0)
FNDA:21,(anonymous_1)
DA:1,21
DA:2,21
DA:3,21
DA:7,21
DA:8,21
DA:9,21
DA:10,21
DA:11,21
DA:12,21
DA:14,21
DA:18,0
DA:22,21
DA:23,21
DA:24,21
DA:25,0
DA:26,0
DA:29,0
LF:17
LH:13
BRDA:25,0,0,0
BRDA:25,0,1,0
BRF:2
BRH:0
end_of_record
TN:
SF:tests/fixtures/categories.data.js
FN:26,(anonymous_0)
FN:29,(anonymous_1)
FNF:2
FNH:2
FNDA:2,(anonymous_0)
FNDA:8,(anonymous_1)
DA:1,2
DA:24,2
DA:26,2
DA:29,8
DA:31,2
LF:5
LH:5
BRF:0
BRH:0
end_of_record
TN:
SF:tests/fixtures/chatRoom.data.js
FN:18,(anonymous_0)
FN:19,(anonymous_1)
FNF:2
FNH:2
FNDA:7,(anonymous_0)
FNDA:14,(anonymous_1)
DA:1,7
DA:3,7
DA:18,7
DA:19,14
DA:20,7
LF:5
LH:5
BRF:0
BRH:0
end_of_record
TN:
SF:tests/fixtures/favorites.data.js
FN:16,(anonymous_0)
FN:17,(anonymous_1)
FNF:2
FNH:2
FNDA:2,(anonymous_0)
FNDA:4,(anonymous_1)
DA:1,3
DA:14,3
DA:16,3
DA:17,4
DA:18,2
LF:5
LH:5
BRF:0
BRH:0
end_of_record
TN:
SF:tests/fixtures/messages.data.js
FN:30,(anonymous_0)
FN:31,(anonymous_1)
FNF:2
FNH:2
FNDA:7,(anonymous_0)
FNDA:21,(anonymous_1)
DA:1,7
DA:3,7
DA:30,7
DA:31,21
DA:32,7
LF:5
LH:5
BRF:0
BRH:0
end_of_record
TN:
SF:tests/fixtures/products.data.js
FN:95,(anonymous_0)
FN:96,(anonymous_1)
FNF:2
FNH:2
FNDA:13,(anonymous_0)
FNDA:65,(anonymous_1)
DA:1,14
DA:93,14
DA:95,14
DA:96,65
DA:97,13
LF:5
LH:5
BRF:0
BRH:0
end_of_record
TN:
SF:tests/fixtures/transaction.data.js
FN:30,(anonymous_0)
FN:32,(anonymous_1)
FNF:2
FNH:2
FNDA:2,(anonymous_0)
FNDA:6,(anonymous_1)
DA:1,2
DA:3,2
DA:30,2
DA:31,2
DA:32,6
DA:34,2
LF:6
LH:6
BRF:0
BRH:0
end_of_record
TN:
SF:tests/fixtures/users.data.js
FN:52,(anonymous_0)
FN:53,(anonymous_1)
FNF:2
FNH:2
FNDA:7,(anonymous_0)
FNDA:28,(anonymous_1)
DA:1,7
DA:50,7
DA:52,7
DA:53,28
DA:54,7
LF:5
LH:5
BRF:0
BRH:0
end_of_record
